{"C:\\Users\\39366\\Desktop\\Master\\individualProjects\\Project1-TelemedicinePlatformMobileSide\\TelemedicineMobileApp\\frontend\\store.js": {"path":"C:\\Users\\39366\\Desktop\\Master\\individualProjects\\Project1-TelemedicinePlatformMobileSide\\TelemedicineMobileApp\\frontend\\store.js","statementMap":{"0":{"start":{"line":15,"column":19},"end":{"line":15,"column":26}},"1":{"start":{"line":17,"column":16},"end":{"line":22,"column":2}},"2":{"start":{"line":24,"column":21},"end":{"line":24,"column":23}},"3":{"start":{"line":27,"column":14},"end":{"line":31,"column":1}},"4":{"start":{"line":34,"column":0},"end":{"line":34,"column":22}}},"fnMap":{},"branchMap":{},"s":{"0":8,"1":8,"2":8,"3":8,"4":8},"f":{},"b":{},"_coverageSchema":"1a1c01bbd47fc00a2c39e90264f33305004495a9","hash":"34f5f59c98e34442bef10ede98f285cec7bb7f6b"}
,"C:\\Users\\39366\\Desktop\\Master\\individualProjects\\Project1-TelemedicinePlatformMobileSide\\TelemedicineMobileApp\\frontend\\actions\\surveyActions.js": {"path":"C:\\Users\\39366\\Desktop\\Master\\individualProjects\\Project1-TelemedicinePlatformMobileSide\\TelemedicineMobileApp\\frontend\\actions\\surveyActions.js","statementMap":{"0":{"start":{"line":12,"column":29},"end":{"line":31,"column":1}},"1":{"start":{"line":12,"column":35},"end":{"line":31,"column":1}},"2":{"start":{"line":13,"column":4},"end":{"line":30,"column":5}},"3":{"start":{"line":14,"column":8},"end":{"line":14,"column":42}},"4":{"start":{"line":16,"column":25},"end":{"line":16,"column":95}},"5":{"start":{"line":18,"column":8},"end":{"line":21,"column":10}},"6":{"start":{"line":23,"column":8},"end":{"line":29,"column":10}},"7":{"start":{"line":34,"column":27},"end":{"line":60,"column":1}},"8":{"start":{"line":34,"column":46},"end":{"line":60,"column":1}},"9":{"start":{"line":35,"column":4},"end":{"line":59,"column":5}},"10":{"start":{"line":37,"column":8},"end":{"line":39,"column":10}},"11":{"start":{"line":41,"column":25},"end":{"line":44,"column":9}},"12":{"start":{"line":46,"column":8},"end":{"line":49,"column":10}},"13":{"start":{"line":52,"column":8},"end":{"line":58,"column":10}}},"fnMap":{"0":{"name":"(anonymous_0)","decl":{"start":{"line":12,"column":29},"end":{"line":12,"column":30}},"loc":{"start":{"line":12,"column":35},"end":{"line":31,"column":1}},"line":12},"1":{"name":"(anonymous_1)","decl":{"start":{"line":12,"column":35},"end":{"line":12,"column":36}},"loc":{"start":{"line":12,"column":55},"end":{"line":31,"column":1}},"line":12},"2":{"name":"(anonymous_2)","decl":{"start":{"line":34,"column":27},"end":{"line":34,"column":28}},"loc":{"start":{"line":34,"column":46},"end":{"line":60,"column":1}},"line":34},"3":{"name":"(anonymous_3)","decl":{"start":{"line":34,"column":46},"end":{"line":34,"column":47}},"loc":{"start":{"line":34,"column":66},"end":{"line":60,"column":1}},"line":34}},"branchMap":{"0":{"loc":{"start":{"line":26,"column":16},"end":{"line":28,"column":35}},"type":"cond-expr","locations":[{"start":{"line":27,"column":22},"end":{"line":27,"column":49}},{"start":{"line":28,"column":22},"end":{"line":28,"column":35}}],"line":26},"1":{"loc":{"start":{"line":26,"column":16},"end":{"line":26,"column":61}},"type":"binary-expr","locations":[{"start":{"line":26,"column":16},"end":{"line":26,"column":30}},{"start":{"line":26,"column":34},"end":{"line":26,"column":61}}],"line":26},"2":{"loc":{"start":{"line":55,"column":16},"end":{"line":57,"column":35}},"type":"cond-expr","locations":[{"start":{"line":56,"column":22},"end":{"line":56,"column":49}},{"start":{"line":57,"column":22},"end":{"line":57,"column":35}}],"line":55},"3":{"loc":{"start":{"line":55,"column":16},"end":{"line":55,"column":61}},"type":"binary-expr","locations":[{"start":{"line":55,"column":16},"end":{"line":55,"column":30}},{"start":{"line":55,"column":34},"end":{"line":55,"column":61}}],"line":55}},"s":{"0":8,"1":2,"2":2,"3":2,"4":2,"5":0,"6":0,"7":8,"8":0,"9":0,"10":0,"11":0,"12":0,"13":0},"f":{"0":2,"1":2,"2":0,"3":0},"b":{"0":[0,0],"1":[0,0],"2":[0,0],"3":[0,0]},"_coverageSchema":"1a1c01bbd47fc00a2c39e90264f33305004495a9","hash":"d87724f23fec6f669021d372adca1281b0054646"}
,"C:\\Users\\39366\\Desktop\\Master\\individualProjects\\Project1-TelemedicinePlatformMobileSide\\TelemedicineMobileApp\\frontend\\actions\\timeSlotActions.js": {"path":"C:\\Users\\39366\\Desktop\\Master\\individualProjects\\Project1-TelemedicinePlatformMobileSide\\TelemedicineMobileApp\\frontend\\actions\\timeSlotActions.js","statementMap":{"0":{"start":{"line":9,"column":31},"end":{"line":30,"column":1}},"1":{"start":{"line":9,"column":39},"end":{"line":30,"column":1}},"2":{"start":{"line":10,"column":4},"end":{"line":29,"column":5}},"3":{"start":{"line":11,"column":8},"end":{"line":11,"column":54}},"4":{"start":{"line":13,"column":25},"end":{"line":13,"column":89}},"5":{"start":{"line":15,"column":8},"end":{"line":18,"column":10}},"6":{"start":{"line":22,"column":8},"end":{"line":28,"column":10}}},"fnMap":{"0":{"name":"(anonymous_0)","decl":{"start":{"line":9,"column":31},"end":{"line":9,"column":32}},"loc":{"start":{"line":9,"column":39},"end":{"line":30,"column":1}},"line":9},"1":{"name":"(anonymous_1)","decl":{"start":{"line":9,"column":39},"end":{"line":9,"column":40}},"loc":{"start":{"line":9,"column":59},"end":{"line":30,"column":1}},"line":9}},"branchMap":{"0":{"loc":{"start":{"line":25,"column":16},"end":{"line":27,"column":35}},"type":"cond-expr","locations":[{"start":{"line":26,"column":22},"end":{"line":26,"column":49}},{"start":{"line":27,"column":22},"end":{"line":27,"column":35}}],"line":25},"1":{"loc":{"start":{"line":25,"column":16},"end":{"line":25,"column":61}},"type":"binary-expr","locations":[{"start":{"line":25,"column":16},"end":{"line":25,"column":30}},{"start":{"line":25,"column":34},"end":{"line":25,"column":61}}],"line":25}},"s":{"0":1,"1":1,"2":1,"3":1,"4":1,"5":0,"6":0},"f":{"0":1,"1":1},"b":{"0":[0,0],"1":[0,0]},"_coverageSchema":"1a1c01bbd47fc00a2c39e90264f33305004495a9","hash":"3fb3eeff21ec6b4e6f8c274d5e1530efa81dbc13"}
,"C:\\Users\\39366\\Desktop\\Master\\individualProjects\\Project1-TelemedicinePlatformMobileSide\\TelemedicineMobileApp\\frontend\\components\\ErrorQuestion.js": {"path":"C:\\Users\\39366\\Desktop\\Master\\individualProjects\\Project1-TelemedicinePlatformMobileSide\\TelemedicineMobileApp\\frontend\\components\\ErrorQuestion.js","statementMap":{"0":{"start":{"line":12,"column":22},"end":{"line":22,"column":1}},"1":{"start":{"line":13,"column":4},"end":{"line":21,"column":5}},"2":{"start":{"line":24,"column":15},"end":{"line":41,"column":2}}},"fnMap":{"0":{"name":"(anonymous_0)","decl":{"start":{"line":12,"column":22},"end":{"line":12,"column":23}},"loc":{"start":{"line":12,"column":28},"end":{"line":22,"column":1}},"line":12}},"branchMap":{},"s":{"0":1,"1":1,"2":1},"f":{"0":1},"b":{},"_coverageSchema":"1a1c01bbd47fc00a2c39e90264f33305004495a9","hash":"ab3b7c3978206ddad95d57634f907f17b7153794"}
,"C:\\Users\\39366\\Desktop\\Master\\individualProjects\\Project1-TelemedicinePlatformMobileSide\\TelemedicineMobileApp\\frontend\\components\\Loader.js": {"path":"C:\\Users\\39366\\Desktop\\Master\\individualProjects\\Project1-TelemedicinePlatformMobileSide\\TelemedicineMobileApp\\frontend\\components\\Loader.js","statementMap":{"0":{"start":{"line":11,"column":15},"end":{"line":17,"column":1}},"1":{"start":{"line":12,"column":2},"end":{"line":16,"column":3}},"2":{"start":{"line":19,"column":15},"end":{"line":29,"column":2}}},"fnMap":{"0":{"name":"(anonymous_0)","decl":{"start":{"line":11,"column":15},"end":{"line":11,"column":16}},"loc":{"start":{"line":11,"column":21},"end":{"line":17,"column":1}},"line":11}},"branchMap":{},"s":{"0":2,"1":1,"2":2},"f":{"0":1},"b":{},"_coverageSchema":"1a1c01bbd47fc00a2c39e90264f33305004495a9","hash":"c584a6ce9941ab14ef23e2d92b9de33ba1f3a155"}
,"C:\\Users\\39366\\Desktop\\Master\\individualProjects\\Project1-TelemedicinePlatformMobileSide\\TelemedicineMobileApp\\frontend\\components\\Message.js": {"path":"C:\\Users\\39366\\Desktop\\Master\\individualProjects\\Project1-TelemedicinePlatformMobileSide\\TelemedicineMobileApp\\frontend\\components\\Message.js","statementMap":{"0":{"start":{"line":12,"column":16},"end":{"line":14,"column":1}},"1":{"start":{"line":13,"column":2},"end":{"line":13,"column":33}},"2":{"start":{"line":15,"column":0},"end":{"line":17,"column":1}}},"fnMap":{"0":{"name":"(anonymous_0)","decl":{"start":{"line":12,"column":16},"end":{"line":12,"column":17}},"loc":{"start":{"line":12,"column":43},"end":{"line":14,"column":1}},"line":12}},"branchMap":{},"s":{"0":2,"1":1,"2":2},"f":{"0":1},"b":{},"_coverageSchema":"1a1c01bbd47fc00a2c39e90264f33305004495a9","hash":"2d16e075637ac7ef433117e638692fe730d473d7"}
,"C:\\Users\\39366\\Desktop\\Master\\individualProjects\\Project1-TelemedicinePlatformMobileSide\\TelemedicineMobileApp\\frontend\\components\\QuestionsContainer.js": {"path":"C:\\Users\\39366\\Desktop\\Master\\individualProjects\\Project1-TelemedicinePlatformMobileSide\\TelemedicineMobileApp\\frontend\\components\\QuestionsContainer.js","statementMap":{"0":{"start":{"line":14,"column":14},"end":{"line":14,"column":42}},"1":{"start":{"line":17,"column":27},"end":{"line":34,"column":1}},"2":{"start":{"line":18,"column":4},"end":{"line":33,"column":5}}},"fnMap":{"0":{"name":"(anonymous_0)","decl":{"start":{"line":17,"column":27},"end":{"line":17,"column":28}},"loc":{"start":{"line":17,"column":33},"end":{"line":34,"column":1}},"line":17}},"branchMap":{},"s":{"0":1,"1":1,"2":1},"f":{"0":1},"b":{},"_coverageSchema":"1a1c01bbd47fc00a2c39e90264f33305004495a9","hash":"feecf887fdb5d875c3d812d1bc0a10d69a974090"}
,"C:\\Users\\39366\\Desktop\\Master\\individualProjects\\Project1-TelemedicinePlatformMobileSide\\TelemedicineMobileApp\\frontend\\components\\StartScreen.js": {"path":"C:\\Users\\39366\\Desktop\\Master\\individualProjects\\Project1-TelemedicinePlatformMobileSide\\TelemedicineMobileApp\\frontend\\components\\StartScreen.js","statementMap":{"0":{"start":{"line":10,"column":20},"end":{"line":99,"column":1}},"1":{"start":{"line":12,"column":19},"end":{"line":12,"column":32}},"2":{"start":{"line":14,"column":24},"end":{"line":14,"column":58}},"3":{"start":{"line":14,"column":45},"end":{"line":14,"column":57}},"4":{"start":{"line":15,"column":35},"end":{"line":15,"column":48}},"5":{"start":{"line":17,"column":23},"end":{"line":17,"column":66}},"6":{"start":{"line":17,"column":44},"end":{"line":17,"column":65}},"7":{"start":{"line":22,"column":6},"end":{"line":22,"column":18}},"8":{"start":{"line":24,"column":19},"end":{"line":47,"column":3}},"9":{"start":{"line":25,"column":4},"end":{"line":46,"column":5}},"10":{"start":{"line":26,"column":6},"end":{"line":26,"column":60}},"11":{"start":{"line":28,"column":6},"end":{"line":29,"column":67}},"12":{"start":{"line":29,"column":8},"end":{"line":29,"column":67}},"13":{"start":{"line":30,"column":6},"end":{"line":31,"column":70}},"14":{"start":{"line":31,"column":8},"end":{"line":31,"column":70}},"15":{"start":{"line":32,"column":6},"end":{"line":33,"column":79}},"16":{"start":{"line":33,"column":8},"end":{"line":33,"column":79}},"17":{"start":{"line":34,"column":6},"end":{"line":35,"column":71}},"18":{"start":{"line":35,"column":8},"end":{"line":35,"column":71}},"19":{"start":{"line":36,"column":6},"end":{"line":37,"column":66}},"20":{"start":{"line":37,"column":8},"end":{"line":37,"column":66}},"21":{"start":{"line":38,"column":6},"end":{"line":39,"column":66}},"22":{"start":{"line":39,"column":8},"end":{"line":39,"column":66}},"23":{"start":{"line":40,"column":6},"end":{"line":41,"column":65}},"24":{"start":{"line":41,"column":8},"end":{"line":41,"column":65}},"25":{"start":{"line":42,"column":11},"end":{"line":46,"column":5}},"26":{"start":{"line":43,"column":6},"end":{"line":43,"column":50}},"27":{"start":{"line":44,"column":11},"end":{"line":46,"column":5}},"28":{"start":{"line":45,"column":6},"end":{"line":45,"column":48}},"29":{"start":{"line":49,"column":2},"end":{"line":51,"column":26}},"30":{"start":{"line":50,"column":4},"end":{"line":50,"column":30}},"31":{"start":{"line":53,"column":2},"end":{"line":55,"column":27}},"32":{"start":{"line":54,"column":4},"end":{"line":54,"column":71}},"33":{"start":{"line":54,"column":30},"end":{"line":54,"column":71}},"34":{"start":{"line":57,"column":2},"end":{"line":98,"column":4}},"35":{"start":{"line":101,"column":15},"end":{"line":173,"column":2}}},"fnMap":{"0":{"name":"(anonymous_0)","decl":{"start":{"line":10,"column":20},"end":{"line":10,"column":21}},"loc":{"start":{"line":10,"column":38},"end":{"line":99,"column":1}},"line":10},"1":{"name":"(anonymous_1)","decl":{"start":{"line":14,"column":36},"end":{"line":14,"column":37}},"loc":{"start":{"line":14,"column":45},"end":{"line":14,"column":57}},"line":14},"2":{"name":"(anonymous_2)","decl":{"start":{"line":17,"column":35},"end":{"line":17,"column":36}},"loc":{"start":{"line":17,"column":44},"end":{"line":17,"column":65}},"line":17},"3":{"name":"(anonymous_3)","decl":{"start":{"line":24,"column":19},"end":{"line":24,"column":20}},"loc":{"start":{"line":24,"column":25},"end":{"line":47,"column":3}},"line":24},"4":{"name":"(anonymous_4)","decl":{"start":{"line":49,"column":12},"end":{"line":49,"column":13}},"loc":{"start":{"line":49,"column":18},"end":{"line":51,"column":3}},"line":49},"5":{"name":"(anonymous_5)","decl":{"start":{"line":53,"column":12},"end":{"line":53,"column":13}},"loc":{"start":{"line":53,"column":18},"end":{"line":55,"column":3}},"line":53}},"branchMap":{"0":{"loc":{"start":{"line":25,"column":4},"end":{"line":46,"column":5}},"type":"if","locations":[{"start":{"line":25,"column":4},"end":{"line":46,"column":5}},{"start":{"line":25,"column":4},"end":{"line":46,"column":5}}],"line":25},"1":{"loc":{"start":{"line":25,"column":8},"end":{"line":25,"column":60}},"type":"binary-expr","locations":[{"start":{"line":25,"column":8},"end":{"line":25,"column":35}},{"start":{"line":25,"column":39},"end":{"line":25,"column":60}}],"line":25},"2":{"loc":{"start":{"line":28,"column":6},"end":{"line":29,"column":67}},"type":"if","locations":[{"start":{"line":28,"column":6},"end":{"line":29,"column":67}},{"start":{"line":28,"column":6},"end":{"line":29,"column":67}}],"line":28},"3":{"loc":{"start":{"line":30,"column":6},"end":{"line":31,"column":70}},"type":"if","locations":[{"start":{"line":30,"column":6},"end":{"line":31,"column":70}},{"start":{"line":30,"column":6},"end":{"line":31,"column":70}}],"line":30},"4":{"loc":{"start":{"line":32,"column":6},"end":{"line":33,"column":79}},"type":"if","locations":[{"start":{"line":32,"column":6},"end":{"line":33,"column":79}},{"start":{"line":32,"column":6},"end":{"line":33,"column":79}}],"line":32},"5":{"loc":{"start":{"line":34,"column":6},"end":{"line":35,"column":71}},"type":"if","locations":[{"start":{"line":34,"column":6},"end":{"line":35,"column":71}},{"start":{"line":34,"column":6},"end":{"line":35,"column":71}}],"line":34},"6":{"loc":{"start":{"line":36,"column":6},"end":{"line":37,"column":66}},"type":"if","locations":[{"start":{"line":36,"column":6},"end":{"line":37,"column":66}},{"start":{"line":36,"column":6},"end":{"line":37,"column":66}}],"line":36},"7":{"loc":{"start":{"line":38,"column":6},"end":{"line":39,"column":66}},"type":"if","locations":[{"start":{"line":38,"column":6},"end":{"line":39,"column":66}},{"start":{"line":38,"column":6},"end":{"line":39,"column":66}}],"line":38},"8":{"loc":{"start":{"line":40,"column":6},"end":{"line":41,"column":65}},"type":"if","locations":[{"start":{"line":40,"column":6},"end":{"line":41,"column":65}},{"start":{"line":40,"column":6},"end":{"line":41,"column":65}}],"line":40},"9":{"loc":{"start":{"line":42,"column":11},"end":{"line":46,"column":5}},"type":"if","locations":[{"start":{"line":42,"column":11},"end":{"line":46,"column":5}},{"start":{"line":42,"column":11},"end":{"line":46,"column":5}}],"line":42},"10":{"loc":{"start":{"line":44,"column":11},"end":{"line":46,"column":5}},"type":"if","locations":[{"start":{"line":44,"column":11},"end":{"line":46,"column":5}},{"start":{"line":44,"column":11},"end":{"line":46,"column":5}}],"line":44},"11":{"loc":{"start":{"line":54,"column":4},"end":{"line":54,"column":71}},"type":"if","locations":[{"start":{"line":54,"column":4},"end":{"line":54,"column":71}},{"start":{"line":54,"column":4},"end":{"line":54,"column":71}}],"line":54}},"s":{"0":1,"1":3,"2":3,"3":7,"4":3,"5":3,"6":7,"7":3,"8":3,"9":0,"10":0,"11":0,"12":0,"13":0,"14":0,"15":0,"16":0,"17":0,"18":0,"19":0,"20":0,"21":0,"22":0,"23":0,"24":0,"25":0,"26":0,"27":0,"28":0,"29":3,"30":2,"31":3,"32":1,"33":1,"34":3,"35":1},"f":{"0":3,"1":7,"2":7,"3":0,"4":2,"5":1},"b":{"0":[0,0],"1":[0,0],"2":[0,0],"3":[0,0],"4":[0,0],"5":[0,0],"6":[0,0],"7":[0,0],"8":[0,0],"9":[0,0],"10":[0,0],"11":[1,0]},"_coverageSchema":"1a1c01bbd47fc00a2c39e90264f33305004495a9","hash":"3c1c0ff6252e7ee0fd4bba485d925d00f567b392"}
,"C:\\Users\\39366\\Desktop\\Master\\individualProjects\\Project1-TelemedicinePlatformMobileSide\\TelemedicineMobileApp\\frontend\\constants\\patientConstants.js": {"path":"C:\\Users\\39366\\Desktop\\Master\\individualProjects\\Project1-TelemedicinePlatformMobileSide\\TelemedicineMobileApp\\frontend\\constants\\patientConstants.js","statementMap":{"0":{"start":{"line":1,"column":36},"end":{"line":1,"column":58}},"1":{"start":{"line":2,"column":36},"end":{"line":2,"column":58}},"2":{"start":{"line":3,"column":33},"end":{"line":3,"column":52}}},"fnMap":{},"branchMap":{},"s":{"0":8,"1":8,"2":8},"f":{},"b":{},"_coverageSchema":"1a1c01bbd47fc00a2c39e90264f33305004495a9","hash":"615976db9098ee8438cdba806686b0b21ea107bf"}
,"C:\\Users\\39366\\Desktop\\Master\\individualProjects\\Project1-TelemedicinePlatformMobileSide\\TelemedicineMobileApp\\frontend\\constants\\surveyConstants.js": {"path":"C:\\Users\\39366\\Desktop\\Master\\individualProjects\\Project1-TelemedicinePlatformMobileSide\\TelemedicineMobileApp\\frontend\\constants\\surveyConstants.js","statementMap":{"0":{"start":{"line":1,"column":30},"end":{"line":1,"column":46}},"1":{"start":{"line":2,"column":30},"end":{"line":2,"column":46}},"2":{"start":{"line":3,"column":27},"end":{"line":3,"column":40}},"3":{"start":{"line":5,"column":43},"end":{"line":5,"column":72}},"4":{"start":{"line":6,"column":43},"end":{"line":6,"column":72}},"5":{"start":{"line":7,"column":40},"end":{"line":7,"column":66}}},"fnMap":{},"branchMap":{},"s":{"0":8,"1":8,"2":8,"3":8,"4":8,"5":8},"f":{},"b":{},"_coverageSchema":"1a1c01bbd47fc00a2c39e90264f33305004495a9","hash":"43be56850b3391a39494bed74ab0496f898cbaf4"}
,"C:\\Users\\39366\\Desktop\\Master\\individualProjects\\Project1-TelemedicinePlatformMobileSide\\TelemedicineMobileApp\\frontend\\constants\\timeSlotConstants.js": {"path":"C:\\Users\\39366\\Desktop\\Master\\individualProjects\\Project1-TelemedicinePlatformMobileSide\\TelemedicineMobileApp\\frontend\\constants\\timeSlotConstants.js","statementMap":{"0":{"start":{"line":1,"column":42},"end":{"line":1,"column":70}},"1":{"start":{"line":2,"column":42},"end":{"line":2,"column":70}},"2":{"start":{"line":3,"column":39},"end":{"line":3,"column":64}}},"fnMap":{},"branchMap":{},"s":{"0":8,"1":8,"2":8},"f":{},"b":{},"_coverageSchema":"1a1c01bbd47fc00a2c39e90264f33305004495a9","hash":"9bf942e102d590c599360f73ce496692690b4b3b"}
,"C:\\Users\\39366\\Desktop\\Master\\individualProjects\\Project1-TelemedicinePlatformMobileSide\\TelemedicineMobileApp\\frontend\\images\\alcolici.png": {"path":"C:\\Users\\39366\\Desktop\\Master\\individualProjects\\Project1-TelemedicinePlatformMobileSide\\TelemedicineMobileApp\\frontend\\images\\alcolici.png","statementMap":{"0":{"start":{"line":1,"column":0},"end":{"line":4,"column":6}}},"fnMap":{},"branchMap":{},"s":{"0":2},"f":{},"b":{},"inputSourceMap":null,"_coverageSchema":"1a1c01bbd47fc00a2c39e90264f33305004495a9","hash":"94b9b848f81008fbf7020f63ed8e495164cd28b4"}
,"C:\\Users\\39366\\Desktop\\Master\\individualProjects\\Project1-TelemedicinePlatformMobileSide\\TelemedicineMobileApp\\frontend\\images\\sad.png": {"path":"C:\\Users\\39366\\Desktop\\Master\\individualProjects\\Project1-TelemedicinePlatformMobileSide\\TelemedicineMobileApp\\frontend\\images\\sad.png","statementMap":{"0":{"start":{"line":1,"column":0},"end":{"line":4,"column":6}}},"fnMap":{},"branchMap":{},"s":{"0":1},"f":{},"b":{},"inputSourceMap":null,"_coverageSchema":"1a1c01bbd47fc00a2c39e90264f33305004495a9","hash":"6f89ddd6e689b2451e184cd50ac260e9db89207d"}
,"C:\\Users\\39366\\Desktop\\Master\\individualProjects\\Project1-TelemedicinePlatformMobileSide\\TelemedicineMobileApp\\frontend\\images\\sigaretta.png": {"path":"C:\\Users\\39366\\Desktop\\Master\\individualProjects\\Project1-TelemedicinePlatformMobileSide\\TelemedicineMobileApp\\frontend\\images\\sigaretta.png","statementMap":{"0":{"start":{"line":1,"column":0},"end":{"line":4,"column":6}}},"fnMap":{},"branchMap":{},"s":{"0":1},"f":{},"b":{},"inputSourceMap":null,"_coverageSchema":"1a1c01bbd47fc00a2c39e90264f33305004495a9","hash":"712fe2fa58e80cca8edbe7d5c3fd45f8bbb488ed"}
,"C:\\Users\\39366\\Desktop\\Master\\individualProjects\\Project1-TelemedicinePlatformMobileSide\\TelemedicineMobileApp\\frontend\\images\\smiley.png": {"path":"C:\\Users\\39366\\Desktop\\Master\\individualProjects\\Project1-TelemedicinePlatformMobileSide\\TelemedicineMobileApp\\frontend\\images\\smiley.png","statementMap":{"0":{"start":{"line":1,"column":0},"end":{"line":4,"column":6}}},"fnMap":{},"branchMap":{},"s":{"0":1},"f":{},"b":{},"inputSourceMap":null,"_coverageSchema":"1a1c01bbd47fc00a2c39e90264f33305004495a9","hash":"833d998488f6a50f0a34c11e99bbed527defa371"}
,"C:\\Users\\39366\\Desktop\\Master\\individualProjects\\Project1-TelemedicinePlatformMobileSide\\TelemedicineMobileApp\\frontend\\images\\verySad.png": {"path":"C:\\Users\\39366\\Desktop\\Master\\individualProjects\\Project1-TelemedicinePlatformMobileSide\\TelemedicineMobileApp\\frontend\\images\\verySad.png","statementMap":{"0":{"start":{"line":1,"column":0},"end":{"line":4,"column":6}}},"fnMap":{},"branchMap":{},"s":{"0":1},"f":{},"b":{},"inputSourceMap":null,"_coverageSchema":"1a1c01bbd47fc00a2c39e90264f33305004495a9","hash":"22ed5ab9d9df4ce83479c39ae563d3b0d5c5c9ea"}
,"C:\\Users\\39366\\Desktop\\Master\\individualProjects\\Project1-TelemedicinePlatformMobileSide\\TelemedicineMobileApp\\frontend\\reducers\\patientReducers.js": {"path":"C:\\Users\\39366\\Desktop\\Master\\individualProjects\\Project1-TelemedicinePlatformMobileSide\\TelemedicineMobileApp\\frontend\\reducers\\patientReducers.js","statementMap":{"0":{"start":{"line":7,"column":34},"end":{"line":20,"column":1}},"1":{"start":{"line":8,"column":2},"end":{"line":19,"column":3}},"2":{"start":{"line":10,"column":6},"end":{"line":10,"column":54}},"3":{"start":{"line":12,"column":6},"end":{"line":12,"column":57}},"4":{"start":{"line":15,"column":6},"end":{"line":15,"column":54}},"5":{"start":{"line":18,"column":6},"end":{"line":18,"column":18}}},"fnMap":{"0":{"name":"(anonymous_0)","decl":{"start":{"line":7,"column":34},"end":{"line":7,"column":35}},"loc":{"start":{"line":7,"column":72},"end":{"line":20,"column":1}},"line":7}},"branchMap":{"0":{"loc":{"start":{"line":7,"column":35},"end":{"line":7,"column":59}},"type":"default-arg","locations":[{"start":{"line":7,"column":43},"end":{"line":7,"column":59}}],"line":7},"1":{"loc":{"start":{"line":8,"column":2},"end":{"line":19,"column":3}},"type":"switch","locations":[{"start":{"line":9,"column":4},"end":{"line":10,"column":54}},{"start":{"line":11,"column":4},"end":{"line":13,"column":5}},{"start":{"line":14,"column":4},"end":{"line":16,"column":5}},{"start":{"line":17,"column":4},"end":{"line":18,"column":18}}],"line":8}},"s":{"0":8,"1":27,"2":0,"3":0,"4":0,"5":27},"f":{"0":27},"b":{"0":[24],"1":[0,0,0,27]},"_coverageSchema":"1a1c01bbd47fc00a2c39e90264f33305004495a9","hash":"bab3ecb87e2a8c7c6b50debe6c3932f72fb14c7f"}
,"C:\\Users\\39366\\Desktop\\Master\\individualProjects\\Project1-TelemedicinePlatformMobileSide\\TelemedicineMobileApp\\frontend\\reducers\\surveyReducers.js": {"path":"C:\\Users\\39366\\Desktop\\Master\\individualProjects\\Project1-TelemedicinePlatformMobileSide\\TelemedicineMobileApp\\frontend\\reducers\\surveyReducers.js","statementMap":{"0":{"start":{"line":10,"column":29},"end":{"line":21,"column":1}},"1":{"start":{"line":11,"column":4},"end":{"line":20,"column":5}},"2":{"start":{"line":13,"column":12},"end":{"line":13,"column":46}},"3":{"start":{"line":15,"column":12},"end":{"line":15,"column":61}},"4":{"start":{"line":17,"column":12},"end":{"line":17,"column":60}},"5":{"start":{"line":19,"column":12},"end":{"line":19,"column":24}},"6":{"start":{"line":24,"column":36},"end":{"line":44,"column":1}},"7":{"start":{"line":25,"column":4},"end":{"line":43,"column":5}},"8":{"start":{"line":27,"column":12},"end":{"line":29,"column":13}},"9":{"start":{"line":31,"column":12},"end":{"line":35,"column":13}},"10":{"start":{"line":37,"column":12},"end":{"line":40,"column":13}},"11":{"start":{"line":42,"column":12},"end":{"line":42,"column":24}}},"fnMap":{"0":{"name":"(anonymous_0)","decl":{"start":{"line":10,"column":29},"end":{"line":10,"column":30}},"loc":{"start":{"line":10,"column":65},"end":{"line":21,"column":1}},"line":10},"1":{"name":"(anonymous_1)","decl":{"start":{"line":24,"column":36},"end":{"line":24,"column":37}},"loc":{"start":{"line":24,"column":60},"end":{"line":44,"column":1}},"line":24}},"branchMap":{"0":{"loc":{"start":{"line":10,"column":30},"end":{"line":10,"column":52}},"type":"default-arg","locations":[{"start":{"line":10,"column":38},"end":{"line":10,"column":52}}],"line":10},"1":{"loc":{"start":{"line":11,"column":4},"end":{"line":20,"column":5}},"type":"switch","locations":[{"start":{"line":12,"column":8},"end":{"line":13,"column":46}},{"start":{"line":14,"column":8},"end":{"line":15,"column":61}},{"start":{"line":16,"column":8},"end":{"line":17,"column":60}},{"start":{"line":18,"column":8},"end":{"line":19,"column":24}}],"line":11},"2":{"loc":{"start":{"line":24,"column":37},"end":{"line":24,"column":47}},"type":"default-arg","locations":[{"start":{"line":24,"column":45},"end":{"line":24,"column":47}}],"line":24},"3":{"loc":{"start":{"line":25,"column":4},"end":{"line":43,"column":5}},"type":"switch","locations":[{"start":{"line":26,"column":8},"end":{"line":29,"column":13}},{"start":{"line":30,"column":8},"end":{"line":35,"column":13}},{"start":{"line":36,"column":8},"end":{"line":40,"column":13}},{"start":{"line":41,"column":8},"end":{"line":42,"column":24}}],"line":25}},"s":{"0":8,"1":27,"2":2,"3":0,"4":0,"5":25,"6":8,"7":27,"8":0,"9":0,"10":0,"11":27},"f":{"0":27,"1":27},"b":{"0":[24],"1":[2,0,0,25],"2":[24],"3":[0,0,0,27]},"_coverageSchema":"1a1c01bbd47fc00a2c39e90264f33305004495a9","hash":"0f8cbfe6ad2cb2e7a201cd6bfbae8faa6a343180"}
,"C:\\Users\\39366\\Desktop\\Master\\individualProjects\\Project1-TelemedicinePlatformMobileSide\\TelemedicineMobileApp\\frontend\\reducers\\timeSlotReducers.js": {"path":"C:\\Users\\39366\\Desktop\\Master\\individualProjects\\Project1-TelemedicinePlatformMobileSide\\TelemedicineMobileApp\\frontend\\reducers\\timeSlotReducers.js","statementMap":{"0":{"start":{"line":7,"column":38},"end":{"line":18,"column":1}},"1":{"start":{"line":8,"column":4},"end":{"line":17,"column":5}},"2":{"start":{"line":10,"column":12},"end":{"line":10,"column":46}},"3":{"start":{"line":12,"column":12},"end":{"line":12,"column":70}},"4":{"start":{"line":14,"column":12},"end":{"line":14,"column":60}},"5":{"start":{"line":16,"column":12},"end":{"line":16,"column":24}}},"fnMap":{"0":{"name":"(anonymous_0)","decl":{"start":{"line":7,"column":38},"end":{"line":7,"column":39}},"loc":{"start":{"line":7,"column":83},"end":{"line":18,"column":1}},"line":7}},"branchMap":{"0":{"loc":{"start":{"line":7,"column":39},"end":{"line":7,"column":70}},"type":"default-arg","locations":[{"start":{"line":7,"column":47},"end":{"line":7,"column":70}}],"line":7},"1":{"loc":{"start":{"line":8,"column":4},"end":{"line":17,"column":5}},"type":"switch","locations":[{"start":{"line":9,"column":8},"end":{"line":10,"column":46}},{"start":{"line":11,"column":8},"end":{"line":12,"column":70}},{"start":{"line":13,"column":8},"end":{"line":14,"column":60}},{"start":{"line":15,"column":8},"end":{"line":16,"column":24}}],"line":8}},"s":{"0":8,"1":27,"2":1,"3":0,"4":0,"5":26},"f":{"0":27},"b":{"0":[24],"1":[1,0,0,26]},"_coverageSchema":"1a1c01bbd47fc00a2c39e90264f33305004495a9","hash":"a40e8f723b474a566ad884a26149d6e54fec9f93"}
,"C:\\Users\\39366\\Desktop\\Master\\individualProjects\\Project1-TelemedicinePlatformMobileSide\\TelemedicineMobileApp\\frontend\\screens\\CheckQuestionScreen.js": {"path":"C:\\Users\\39366\\Desktop\\Master\\individualProjects\\Project1-TelemedicinePlatformMobileSide\\TelemedicineMobileApp\\frontend\\screens\\CheckQuestionScreen.js","statementMap":{"0":{"start":{"line":17,"column":28},"end":{"line":198,"column":1}},"1":{"start":{"line":18,"column":19},"end":{"line":18,"column":32}},"2":{"start":{"line":20,"column":26},"end":{"line":20,"column":44}},"3":{"start":{"line":21,"column":26},"end":{"line":21,"column":44}},"4":{"start":{"line":22,"column":30},"end":{"line":22,"column":65}},"5":{"start":{"line":23,"column":44},"end":{"line":27,"column":3}},"6":{"start":{"line":29,"column":15},"end":{"line":29,"column":21}},"7":{"start":{"line":30,"column":15},"end":{"line":30,"column":21}},"8":{"start":{"line":32,"column":2},"end":{"line":47,"column":9}},"9":{"start":{"line":41,"column":4},"end":{"line":43,"column":6}},"10":{"start":{"line":44,"column":4},"end":{"line":46,"column":6}},"11":{"start":{"line":49,"column":24},"end":{"line":75,"column":3}},"12":{"start":{"line":50,"column":4},"end":{"line":50,"column":23}},"13":{"start":{"line":53,"column":26},"end":{"line":53,"column":28}},"14":{"start":{"line":54,"column":4},"end":{"line":61,"column":7}},"15":{"start":{"line":55,"column":6},"end":{"line":60,"column":11}},"16":{"start":{"line":56,"column":8},"end":{"line":60,"column":11}},"17":{"start":{"line":62,"column":4},"end":{"line":65,"column":6}},"18":{"start":{"line":67,"column":19},"end":{"line":70,"column":5}},"19":{"start":{"line":72,"column":4},"end":{"line":74,"column":7}},"20":{"start":{"line":73,"column":6},"end":{"line":73,"column":28}},"21":{"start":{"line":77,"column":29},"end":{"line":98,"column":3}},"22":{"start":{"line":78,"column":4},"end":{"line":78,"column":23}},"23":{"start":{"line":79,"column":26},"end":{"line":79,"column":28}},"24":{"start":{"line":80,"column":4},"end":{"line":87,"column":7}},"25":{"start":{"line":81,"column":6},"end":{"line":86,"column":11}},"26":{"start":{"line":82,"column":8},"end":{"line":86,"column":11}},"27":{"start":{"line":88,"column":4},"end":{"line":91,"column":6}},"28":{"start":{"line":92,"column":4},"end":{"line":92,"column":38}},"29":{"start":{"line":93,"column":4},"end":{"line":97,"column":7}},"30":{"start":{"line":100,"column":25},"end":{"line":122,"column":3}},"31":{"start":{"line":101,"column":4},"end":{"line":101,"column":23}},"32":{"start":{"line":103,"column":26},"end":{"line":103,"column":28}},"33":{"start":{"line":104,"column":4},"end":{"line":111,"column":7}},"34":{"start":{"line":105,"column":6},"end":{"line":110,"column":11}},"35":{"start":{"line":106,"column":8},"end":{"line":110,"column":11}},"36":{"start":{"line":112,"column":4},"end":{"line":115,"column":6}},"37":{"start":{"line":116,"column":4},"end":{"line":116,"column":38}},"38":{"start":{"line":117,"column":4},"end":{"line":121,"column":7}},"39":{"start":{"line":124,"column":28},"end":{"line":129,"column":3}},"40":{"start":{"line":125,"column":19},"end":{"line":125,"column":37}},"41":{"start":{"line":126,"column":4},"end":{"line":126,"column":27}},"42":{"start":{"line":127,"column":4},"end":{"line":127,"column":29}},"43":{"start":{"line":128,"column":4},"end":{"line":128,"column":31}},"44":{"start":{"line":131,"column":2},"end":{"line":197,"column":4}},"45":{"start":{"line":158,"column":12},"end":{"line":168,"column":19}},"46":{"start":{"line":162,"column":39},"end":{"line":162,"column":59}},"47":{"start":{"line":200,"column":15},"end":{"line":272,"column":2}}},"fnMap":{"0":{"name":"(anonymous_0)","decl":{"start":{"line":17,"column":28},"end":{"line":17,"column":29}},"loc":{"start":{"line":17,"column":53},"end":{"line":198,"column":1}},"line":17},"1":{"name":"(anonymous_1)","decl":{"start":{"line":32,"column":12},"end":{"line":32,"column":13}},"loc":{"start":{"line":32,"column":18},"end":{"line":47,"column":3}},"line":32},"2":{"name":"(anonymous_2)","decl":{"start":{"line":49,"column":24},"end":{"line":49,"column":25}},"loc":{"start":{"line":49,"column":29},"end":{"line":75,"column":3}},"line":49},"3":{"name":"(anonymous_3)","decl":{"start":{"line":54,"column":26},"end":{"line":54,"column":27}},"loc":{"start":{"line":54,"column":39},"end":{"line":61,"column":5}},"line":54},"4":{"name":"(anonymous_4)","decl":{"start":{"line":72,"column":39},"end":{"line":72,"column":40}},"loc":{"start":{"line":72,"column":45},"end":{"line":74,"column":5}},"line":72},"5":{"name":"(anonymous_5)","decl":{"start":{"line":77,"column":29},"end":{"line":77,"column":30}},"loc":{"start":{"line":77,"column":34},"end":{"line":98,"column":3}},"line":77},"6":{"name":"(anonymous_6)","decl":{"start":{"line":80,"column":26},"end":{"line":80,"column":27}},"loc":{"start":{"line":80,"column":39},"end":{"line":87,"column":5}},"line":80},"7":{"name":"(anonymous_7)","decl":{"start":{"line":100,"column":25},"end":{"line":100,"column":26}},"loc":{"start":{"line":100,"column":30},"end":{"line":122,"column":3}},"line":100},"8":{"name":"(anonymous_8)","decl":{"start":{"line":104,"column":26},"end":{"line":104,"column":27}},"loc":{"start":{"line":104,"column":39},"end":{"line":111,"column":5}},"line":104},"9":{"name":"(anonymous_9)","decl":{"start":{"line":124,"column":28},"end":{"line":124,"column":29}},"loc":{"start":{"line":124,"column":33},"end":{"line":129,"column":3}},"line":124},"10":{"name":"(anonymous_10)","decl":{"start":{"line":157,"column":10},"end":{"line":157,"column":11}},"loc":{"start":{"line":158,"column":12},"end":{"line":168,"column":19}},"line":158},"11":{"name":"(anonymous_11)","decl":{"start":{"line":162,"column":33},"end":{"line":162,"column":34}},"loc":{"start":{"line":162,"column":39},"end":{"line":162,"column":59}},"line":162}},"branchMap":{"0":{"loc":{"start":{"line":55,"column":6},"end":{"line":60,"column":11}},"type":"if","locations":[{"start":{"line":55,"column":6},"end":{"line":60,"column":11}},{"start":{"line":55,"column":6},"end":{"line":60,"column":11}}],"line":55},"1":{"loc":{"start":{"line":81,"column":6},"end":{"line":86,"column":11}},"type":"if","locations":[{"start":{"line":81,"column":6},"end":{"line":86,"column":11}},{"start":{"line":81,"column":6},"end":{"line":86,"column":11}}],"line":81},"2":{"loc":{"start":{"line":105,"column":6},"end":{"line":110,"column":11}},"type":"if","locations":[{"start":{"line":105,"column":6},"end":{"line":110,"column":11}},{"start":{"line":105,"column":6},"end":{"line":110,"column":11}}],"line":105},"3":{"loc":{"start":{"line":178,"column":24},"end":{"line":178,"column":51}},"type":"cond-expr","locations":[{"start":{"line":178,"column":39},"end":{"line":178,"column":43}},{"start":{"line":178,"column":46},"end":{"line":178,"column":51}}],"line":178},"4":{"loc":{"start":{"line":184,"column":13},"end":{"line":192,"column":13}},"type":"cond-expr","locations":[{"start":{"line":185,"column":14},"end":{"line":185,"column":62}},{"start":{"line":187,"column":14},"end":{"line":191,"column":16}}],"line":184},"5":{"loc":{"start":{"line":188,"column":26},"end":{"line":188,"column":53}},"type":"cond-expr","locations":[{"start":{"line":188,"column":41},"end":{"line":188,"column":45}},{"start":{"line":188,"column":48},"end":{"line":188,"column":53}}],"line":188}},"s":{"0":2,"1":4,"2":4,"3":4,"4":4,"5":4,"6":4,"7":4,"8":4,"9":2,"10":2,"11":4,"12":0,"13":0,"14":0,"15":0,"16":0,"17":0,"18":0,"19":0,"20":0,"21":4,"22":0,"23":0,"24":0,"25":0,"26":0,"27":0,"28":0,"29":0,"30":4,"31":0,"32":0,"33":0,"34":0,"35":0,"36":0,"37":0,"38":0,"39":4,"40":0,"41":0,"42":0,"43":0,"44":4,"45":8,"46":0,"47":2},"f":{"0":4,"1":2,"2":0,"3":0,"4":0,"5":0,"6":0,"7":0,"8":0,"9":0,"10":8,"11":0},"b":{"0":[0,0],"1":[0,0],"2":[0,0],"3":[2,2],"4":[0,4],"5":[0,4]},"_coverageSchema":"1a1c01bbd47fc00a2c39e90264f33305004495a9","hash":"6690de39ce034ea889aef8b9e22275deaed34f37"}
,"C:\\Users\\39366\\Desktop\\Master\\individualProjects\\Project1-TelemedicinePlatformMobileSide\\TelemedicineMobileApp\\frontend\\screens\\IncrementDecrementQuestionScreen.js": {"path":"C:\\Users\\39366\\Desktop\\Master\\individualProjects\\Project1-TelemedicinePlatformMobileSide\\TelemedicineMobileApp\\frontend\\screens\\IncrementDecrementQuestionScreen.js","statementMap":{"0":{"start":{"line":15,"column":41},"end":{"line":195,"column":1}},"1":{"start":{"line":16,"column":19},"end":{"line":16,"column":32}},"2":{"start":{"line":18,"column":26},"end":{"line":18,"column":44}},"3":{"start":{"line":19,"column":26},"end":{"line":19,"column":44}},"4":{"start":{"line":20,"column":30},"end":{"line":20,"column":65}},"5":{"start":{"line":22,"column":30},"end":{"line":22,"column":47}},"6":{"start":{"line":24,"column":15},"end":{"line":24,"column":21}},"7":{"start":{"line":25,"column":15},"end":{"line":25,"column":21}},"8":{"start":{"line":27,"column":2},"end":{"line":42,"column":9}},"9":{"start":{"line":36,"column":4},"end":{"line":38,"column":6}},"10":{"start":{"line":39,"column":4},"end":{"line":41,"column":6}},"11":{"start":{"line":44,"column":24},"end":{"line":60,"column":3}},"12":{"start":{"line":45,"column":4},"end":{"line":45,"column":23}},"13":{"start":{"line":47,"column":4},"end":{"line":50,"column":6}},"14":{"start":{"line":52,"column":19},"end":{"line":55,"column":5}},"15":{"start":{"line":57,"column":4},"end":{"line":59,"column":7}},"16":{"start":{"line":58,"column":6},"end":{"line":58,"column":28}},"17":{"start":{"line":62,"column":29},"end":{"line":74,"column":3}},"18":{"start":{"line":63,"column":4},"end":{"line":63,"column":23}},"19":{"start":{"line":64,"column":4},"end":{"line":67,"column":6}},"20":{"start":{"line":68,"column":4},"end":{"line":68,"column":38}},"21":{"start":{"line":69,"column":4},"end":{"line":73,"column":7}},"22":{"start":{"line":76,"column":25},"end":{"line":88,"column":3}},"23":{"start":{"line":77,"column":4},"end":{"line":77,"column":23}},"24":{"start":{"line":78,"column":4},"end":{"line":81,"column":6}},"25":{"start":{"line":82,"column":4},"end":{"line":82,"column":38}},"26":{"start":{"line":83,"column":4},"end":{"line":87,"column":7}},"27":{"start":{"line":90,"column":20},"end":{"line":92,"column":3}},"28":{"start":{"line":91,"column":4},"end":{"line":91,"column":26}},"29":{"start":{"line":94,"column":20},"end":{"line":96,"column":3}},"30":{"start":{"line":95,"column":4},"end":{"line":95,"column":43}},"31":{"start":{"line":95,"column":21},"end":{"line":95,"column":43}},"32":{"start":{"line":97,"column":2},"end":{"line":194,"column":4}},"33":{"start":{"line":197,"column":15},"end":{"line":270,"column":2}}},"fnMap":{"0":{"name":"(anonymous_0)","decl":{"start":{"line":15,"column":41},"end":{"line":15,"column":42}},"loc":{"start":{"line":15,"column":66},"end":{"line":195,"column":1}},"line":15},"1":{"name":"(anonymous_1)","decl":{"start":{"line":27,"column":12},"end":{"line":27,"column":13}},"loc":{"start":{"line":27,"column":18},"end":{"line":42,"column":3}},"line":27},"2":{"name":"(anonymous_2)","decl":{"start":{"line":44,"column":24},"end":{"line":44,"column":25}},"loc":{"start":{"line":44,"column":29},"end":{"line":60,"column":3}},"line":44},"3":{"name":"(anonymous_3)","decl":{"start":{"line":57,"column":39},"end":{"line":57,"column":40}},"loc":{"start":{"line":57,"column":45},"end":{"line":59,"column":5}},"line":57},"4":{"name":"(anonymous_4)","decl":{"start":{"line":62,"column":29},"end":{"line":62,"column":30}},"loc":{"start":{"line":62,"column":34},"end":{"line":74,"column":3}},"line":62},"5":{"name":"(anonymous_5)","decl":{"start":{"line":76,"column":25},"end":{"line":76,"column":26}},"loc":{"start":{"line":76,"column":30},"end":{"line":88,"column":3}},"line":76},"6":{"name":"(anonymous_6)","decl":{"start":{"line":90,"column":20},"end":{"line":90,"column":21}},"loc":{"start":{"line":90,"column":26},"end":{"line":92,"column":3}},"line":90},"7":{"name":"(anonymous_7)","decl":{"start":{"line":94,"column":20},"end":{"line":94,"column":21}},"loc":{"start":{"line":94,"column":26},"end":{"line":96,"column":3}},"line":94}},"branchMap":{"0":{"loc":{"start":{"line":95,"column":4},"end":{"line":95,"column":43}},"type":"if","locations":[{"start":{"line":95,"column":4},"end":{"line":95,"column":43}},{"start":{"line":95,"column":4},"end":{"line":95,"column":43}}],"line":95},"1":{"loc":{"start":{"line":175,"column":24},"end":{"line":175,"column":51}},"type":"cond-expr","locations":[{"start":{"line":175,"column":39},"end":{"line":175,"column":43}},{"start":{"line":175,"column":46},"end":{"line":175,"column":51}}],"line":175},"2":{"loc":{"start":{"line":181,"column":13},"end":{"line":189,"column":13}},"type":"cond-expr","locations":[{"start":{"line":182,"column":14},"end":{"line":182,"column":62}},{"start":{"line":184,"column":14},"end":{"line":188,"column":16}}],"line":181},"3":{"loc":{"start":{"line":185,"column":26},"end":{"line":185,"column":53}},"type":"cond-expr","locations":[{"start":{"line":185,"column":41},"end":{"line":185,"column":45}},{"start":{"line":185,"column":48},"end":{"line":185,"column":53}}],"line":185}},"s":{"0":2,"1":7,"2":7,"3":7,"4":7,"5":7,"6":7,"7":7,"8":7,"9":2,"10":2,"11":7,"12":0,"13":0,"14":0,"15":0,"16":0,"17":7,"18":0,"19":0,"20":0,"21":0,"22":7,"23":0,"24":0,"25":0,"26":0,"27":7,"28":2,"29":7,"30":1,"31":1,"32":7,"33":2},"f":{"0":7,"1":2,"2":0,"3":0,"4":0,"5":0,"6":2,"7":1},"b":{"0":[1,0],"1":[5,2],"2":[7,0],"3":[0,0]},"_coverageSchema":"1a1c01bbd47fc00a2c39e90264f33305004495a9","hash":"b988c60346d76bb2080cb17d2c248e30644a43ac"}
,"C:\\Users\\39366\\Desktop\\Master\\individualProjects\\Project1-TelemedicinePlatformMobileSide\\TelemedicineMobileApp\\frontend\\screens\\InsertTimeQuestionScreen.js": {"path":"C:\\Users\\39366\\Desktop\\Master\\individualProjects\\Project1-TelemedicinePlatformMobileSide\\TelemedicineMobileApp\\frontend\\screens\\InsertTimeQuestionScreen.js","statementMap":{"0":{"start":{"line":14,"column":33},"end":{"line":235,"column":1}},"1":{"start":{"line":15,"column":19},"end":{"line":15,"column":32}},"2":{"start":{"line":17,"column":26},"end":{"line":17,"column":44}},"3":{"start":{"line":18,"column":26},"end":{"line":18,"column":44}},"4":{"start":{"line":19,"column":30},"end":{"line":19,"column":65}},"5":{"start":{"line":21,"column":26},"end":{"line":21,"column":43}},"6":{"start":{"line":22,"column":32},"end":{"line":22,"column":49}},"7":{"start":{"line":24,"column":15},"end":{"line":24,"column":21}},"8":{"start":{"line":25,"column":15},"end":{"line":25,"column":21}},"9":{"start":{"line":27,"column":2},"end":{"line":42,"column":9}},"10":{"start":{"line":36,"column":4},"end":{"line":38,"column":6}},"11":{"start":{"line":39,"column":4},"end":{"line":41,"column":6}},"12":{"start":{"line":44,"column":24},"end":{"line":61,"column":3}},"13":{"start":{"line":45,"column":4},"end":{"line":45,"column":23}},"14":{"start":{"line":48,"column":4},"end":{"line":51,"column":6}},"15":{"start":{"line":53,"column":19},"end":{"line":56,"column":5}},"16":{"start":{"line":58,"column":4},"end":{"line":60,"column":7}},"17":{"start":{"line":59,"column":6},"end":{"line":59,"column":28}},"18":{"start":{"line":63,"column":29},"end":{"line":75,"column":3}},"19":{"start":{"line":64,"column":4},"end":{"line":64,"column":23}},"20":{"start":{"line":65,"column":4},"end":{"line":68,"column":6}},"21":{"start":{"line":69,"column":4},"end":{"line":69,"column":38}},"22":{"start":{"line":70,"column":4},"end":{"line":74,"column":7}},"23":{"start":{"line":77,"column":25},"end":{"line":89,"column":3}},"24":{"start":{"line":78,"column":4},"end":{"line":78,"column":23}},"25":{"start":{"line":79,"column":4},"end":{"line":82,"column":6}},"26":{"start":{"line":83,"column":4},"end":{"line":83,"column":38}},"27":{"start":{"line":84,"column":4},"end":{"line":88,"column":7}},"28":{"start":{"line":91,"column":27},"end":{"line":97,"column":3}},"29":{"start":{"line":92,"column":4},"end":{"line":96,"column":5}},"30":{"start":{"line":93,"column":6},"end":{"line":93,"column":21}},"31":{"start":{"line":95,"column":6},"end":{"line":95,"column":30}},"32":{"start":{"line":99,"column":27},"end":{"line":105,"column":3}},"33":{"start":{"line":100,"column":4},"end":{"line":104,"column":5}},"34":{"start":{"line":101,"column":6},"end":{"line":101,"column":20}},"35":{"start":{"line":103,"column":6},"end":{"line":103,"column":30}},"36":{"start":{"line":107,"column":24},"end":{"line":113,"column":3}},"37":{"start":{"line":108,"column":4},"end":{"line":112,"column":5}},"38":{"start":{"line":109,"column":6},"end":{"line":109,"column":18}},"39":{"start":{"line":111,"column":6},"end":{"line":111,"column":24}},"40":{"start":{"line":115,"column":24},"end":{"line":121,"column":3}},"41":{"start":{"line":116,"column":4},"end":{"line":120,"column":5}},"42":{"start":{"line":117,"column":6},"end":{"line":117,"column":17}},"43":{"start":{"line":119,"column":6},"end":{"line":119,"column":24}},"44":{"start":{"line":123,"column":2},"end":{"line":234,"column":4}},"45":{"start":{"line":237,"column":15},"end":{"line":327,"column":2}}},"fnMap":{"0":{"name":"(anonymous_0)","decl":{"start":{"line":14,"column":33},"end":{"line":14,"column":34}},"loc":{"start":{"line":14,"column":58},"end":{"line":235,"column":1}},"line":14},"1":{"name":"(anonymous_1)","decl":{"start":{"line":27,"column":12},"end":{"line":27,"column":13}},"loc":{"start":{"line":27,"column":18},"end":{"line":42,"column":3}},"line":27},"2":{"name":"(anonymous_2)","decl":{"start":{"line":44,"column":24},"end":{"line":44,"column":25}},"loc":{"start":{"line":44,"column":29},"end":{"line":61,"column":3}},"line":44},"3":{"name":"(anonymous_3)","decl":{"start":{"line":58,"column":39},"end":{"line":58,"column":40}},"loc":{"start":{"line":58,"column":45},"end":{"line":60,"column":5}},"line":58},"4":{"name":"(anonymous_4)","decl":{"start":{"line":63,"column":29},"end":{"line":63,"column":30}},"loc":{"start":{"line":63,"column":34},"end":{"line":75,"column":3}},"line":63},"5":{"name":"(anonymous_5)","decl":{"start":{"line":77,"column":25},"end":{"line":77,"column":26}},"loc":{"start":{"line":77,"column":30},"end":{"line":89,"column":3}},"line":77},"6":{"name":"(anonymous_6)","decl":{"start":{"line":91,"column":27},"end":{"line":91,"column":28}},"loc":{"start":{"line":91,"column":33},"end":{"line":97,"column":3}},"line":91},"7":{"name":"(anonymous_7)","decl":{"start":{"line":99,"column":27},"end":{"line":99,"column":28}},"loc":{"start":{"line":99,"column":33},"end":{"line":105,"column":3}},"line":99},"8":{"name":"(anonymous_8)","decl":{"start":{"line":107,"column":24},"end":{"line":107,"column":25}},"loc":{"start":{"line":107,"column":30},"end":{"line":113,"column":3}},"line":107},"9":{"name":"(anonymous_9)","decl":{"start":{"line":115,"column":24},"end":{"line":115,"column":25}},"loc":{"start":{"line":115,"column":30},"end":{"line":121,"column":3}},"line":115}},"branchMap":{"0":{"loc":{"start":{"line":92,"column":4},"end":{"line":96,"column":5}},"type":"if","locations":[{"start":{"line":92,"column":4},"end":{"line":96,"column":5}},{"start":{"line":92,"column":4},"end":{"line":96,"column":5}}],"line":92},"1":{"loc":{"start":{"line":100,"column":4},"end":{"line":104,"column":5}},"type":"if","locations":[{"start":{"line":100,"column":4},"end":{"line":104,"column":5}},{"start":{"line":100,"column":4},"end":{"line":104,"column":5}}],"line":100},"2":{"loc":{"start":{"line":108,"column":4},"end":{"line":112,"column":5}},"type":"if","locations":[{"start":{"line":108,"column":4},"end":{"line":112,"column":5}},{"start":{"line":108,"column":4},"end":{"line":112,"column":5}}],"line":108},"3":{"loc":{"start":{"line":116,"column":4},"end":{"line":120,"column":5}},"type":"if","locations":[{"start":{"line":116,"column":4},"end":{"line":120,"column":5}},{"start":{"line":116,"column":4},"end":{"line":120,"column":5}}],"line":116},"4":{"loc":{"start":{"line":215,"column":24},"end":{"line":215,"column":51}},"type":"cond-expr","locations":[{"start":{"line":215,"column":39},"end":{"line":215,"column":43}},{"start":{"line":215,"column":46},"end":{"line":215,"column":51}}],"line":215},"5":{"loc":{"start":{"line":221,"column":13},"end":{"line":229,"column":13}},"type":"cond-expr","locations":[{"start":{"line":222,"column":14},"end":{"line":222,"column":62}},{"start":{"line":224,"column":14},"end":{"line":228,"column":16}}],"line":221},"6":{"loc":{"start":{"line":225,"column":26},"end":{"line":225,"column":53}},"type":"cond-expr","locations":[{"start":{"line":225,"column":41},"end":{"line":225,"column":45}},{"start":{"line":225,"column":48},"end":{"line":225,"column":53}}],"line":225}},"s":{"0":2,"1":12,"2":12,"3":12,"4":12,"5":12,"6":12,"7":12,"8":12,"9":12,"10":3,"11":3,"12":12,"13":0,"14":0,"15":0,"16":0,"17":0,"18":12,"19":0,"20":0,"21":0,"22":0,"23":12,"24":0,"25":0,"26":0,"27":0,"28":12,"29":1,"30":0,"31":1,"32":12,"33":2,"34":0,"35":2,"36":12,"37":1,"38":0,"39":1,"40":12,"41":2,"42":0,"43":2,"44":12,"45":2},"f":{"0":12,"1":3,"2":0,"3":0,"4":0,"5":0,"6":1,"7":2,"8":1,"9":2},"b":{"0":[0,1],"1":[0,2],"2":[0,1],"3":[0,2],"4":[9,3],"5":[12,0],"6":[0,0]},"_coverageSchema":"1a1c01bbd47fc00a2c39e90264f33305004495a9","hash":"3ab50043b970a07ffdb3ce964962a2f769a46e47"}
,"C:\\Users\\39366\\Desktop\\Master\\individualProjects\\Project1-TelemedicinePlatformMobileSide\\TelemedicineMobileApp\\frontend\\screens\\OpenQuestionScreen.js": {"path":"C:\\Users\\39366\\Desktop\\Master\\individualProjects\\Project1-TelemedicinePlatformMobileSide\\TelemedicineMobileApp\\frontend\\screens\\OpenQuestionScreen.js","statementMap":{"0":{"start":{"line":14,"column":27},"end":{"line":138,"column":1}},"1":{"start":{"line":15,"column":19},"end":{"line":15,"column":32}},"2":{"start":{"line":17,"column":26},"end":{"line":17,"column":44}},"3":{"start":{"line":18,"column":26},"end":{"line":18,"column":44}},"4":{"start":{"line":19,"column":30},"end":{"line":19,"column":65}},"5":{"start":{"line":20,"column":31},"end":{"line":20,"column":49}},"6":{"start":{"line":22,"column":15},"end":{"line":22,"column":21}},"7":{"start":{"line":23,"column":15},"end":{"line":23,"column":21}},"8":{"start":{"line":25,"column":2},"end":{"line":32,"column":9}},"9":{"start":{"line":26,"column":4},"end":{"line":28,"column":6}},"10":{"start":{"line":29,"column":4},"end":{"line":31,"column":6}},"11":{"start":{"line":34,"column":24},"end":{"line":47,"column":3}},"12":{"start":{"line":35,"column":4},"end":{"line":35,"column":23}},"13":{"start":{"line":37,"column":4},"end":{"line":37,"column":76}},"14":{"start":{"line":39,"column":19},"end":{"line":42,"column":5}},"15":{"start":{"line":44,"column":4},"end":{"line":46,"column":7}},"16":{"start":{"line":45,"column":6},"end":{"line":45,"column":28}},"17":{"start":{"line":49,"column":29},"end":{"line":58,"column":3}},"18":{"start":{"line":50,"column":4},"end":{"line":50,"column":23}},"19":{"start":{"line":51,"column":4},"end":{"line":51,"column":76}},"20":{"start":{"line":52,"column":4},"end":{"line":52,"column":38}},"21":{"start":{"line":53,"column":4},"end":{"line":57,"column":7}},"22":{"start":{"line":60,"column":25},"end":{"line":69,"column":3}},"23":{"start":{"line":61,"column":4},"end":{"line":61,"column":23}},"24":{"start":{"line":62,"column":4},"end":{"line":62,"column":76}},"25":{"start":{"line":63,"column":4},"end":{"line":63,"column":38}},"26":{"start":{"line":64,"column":4},"end":{"line":68,"column":7}},"27":{"start":{"line":71,"column":2},"end":{"line":137,"column":4}},"28":{"start":{"line":140,"column":15},"end":{"line":193,"column":2}}},"fnMap":{"0":{"name":"(anonymous_0)","decl":{"start":{"line":14,"column":27},"end":{"line":14,"column":28}},"loc":{"start":{"line":14,"column":52},"end":{"line":138,"column":1}},"line":14},"1":{"name":"(anonymous_1)","decl":{"start":{"line":25,"column":12},"end":{"line":25,"column":13}},"loc":{"start":{"line":25,"column":18},"end":{"line":32,"column":3}},"line":25},"2":{"name":"(anonymous_2)","decl":{"start":{"line":34,"column":24},"end":{"line":34,"column":25}},"loc":{"start":{"line":34,"column":29},"end":{"line":47,"column":3}},"line":34},"3":{"name":"(anonymous_3)","decl":{"start":{"line":44,"column":39},"end":{"line":44,"column":40}},"loc":{"start":{"line":44,"column":45},"end":{"line":46,"column":5}},"line":44},"4":{"name":"(anonymous_4)","decl":{"start":{"line":49,"column":29},"end":{"line":49,"column":30}},"loc":{"start":{"line":49,"column":34},"end":{"line":58,"column":3}},"line":49},"5":{"name":"(anonymous_5)","decl":{"start":{"line":60,"column":25},"end":{"line":60,"column":26}},"loc":{"start":{"line":60,"column":30},"end":{"line":69,"column":3}},"line":60}},"branchMap":{"0":{"loc":{"start":{"line":118,"column":24},"end":{"line":118,"column":51}},"type":"cond-expr","locations":[{"start":{"line":118,"column":39},"end":{"line":118,"column":43}},{"start":{"line":118,"column":46},"end":{"line":118,"column":51}}],"line":118},"1":{"loc":{"start":{"line":124,"column":13},"end":{"line":132,"column":13}},"type":"cond-expr","locations":[{"start":{"line":125,"column":14},"end":{"line":125,"column":62}},{"start":{"line":127,"column":14},"end":{"line":131,"column":16}}],"line":124},"2":{"loc":{"start":{"line":128,"column":26},"end":{"line":128,"column":53}},"type":"cond-expr","locations":[{"start":{"line":128,"column":41},"end":{"line":128,"column":45}},{"start":{"line":128,"column":48},"end":{"line":128,"column":53}}],"line":128}},"s":{"0":2,"1":5,"2":5,"3":5,"4":5,"5":5,"6":5,"7":5,"8":5,"9":2,"10":2,"11":5,"12":0,"13":0,"14":0,"15":0,"16":0,"17":5,"18":0,"19":0,"20":0,"21":0,"22":5,"23":0,"24":0,"25":0,"26":0,"27":5,"28":2},"f":{"0":5,"1":2,"2":0,"3":0,"4":0,"5":0},"b":{"0":[3,2],"1":[5,0],"2":[0,0]},"_coverageSchema":"1a1c01bbd47fc00a2c39e90264f33305004495a9","hash":"f41b38016bdb12b96bda347d277cd94ed3e6db73"}
,"C:\\Users\\39366\\Desktop\\Master\\individualProjects\\Project1-TelemedicinePlatformMobileSide\\TelemedicineMobileApp\\frontend\\screens\\RadioQuestionScreen.js": {"path":"C:\\Users\\39366\\Desktop\\Master\\individualProjects\\Project1-TelemedicinePlatformMobileSide\\TelemedicineMobileApp\\frontend\\screens\\RadioQuestionScreen.js","statementMap":{"0":{"start":{"line":23,"column":28},"end":{"line":198,"column":1}},"1":{"start":{"line":24,"column":19},"end":{"line":24,"column":32}},"2":{"start":{"line":26,"column":20},"end":{"line":26,"column":22}},"3":{"start":{"line":27,"column":2},"end":{"line":29,"column":4}},"4":{"start":{"line":28,"column":4},"end":{"line":28,"column":76}},"5":{"start":{"line":31,"column":26},"end":{"line":31,"column":44}},"6":{"start":{"line":32,"column":26},"end":{"line":32,"column":44}},"7":{"start":{"line":33,"column":30},"end":{"line":33,"column":65}},"8":{"start":{"line":34,"column":34},"end":{"line":34,"column":51}},"9":{"start":{"line":35,"column":31},"end":{"line":37,"column":3}},"10":{"start":{"line":39,"column":15},"end":{"line":39,"column":21}},"11":{"start":{"line":40,"column":15},"end":{"line":40,"column":21}},"12":{"start":{"line":42,"column":2},"end":{"line":49,"column":9}},"13":{"start":{"line":43,"column":4},"end":{"line":45,"column":6}},"14":{"start":{"line":46,"column":4},"end":{"line":48,"column":6}},"15":{"start":{"line":51,"column":24},"end":{"line":68,"column":3}},"16":{"start":{"line":52,"column":4},"end":{"line":52,"column":23}},"17":{"start":{"line":54,"column":4},"end":{"line":58,"column":6}},"18":{"start":{"line":60,"column":19},"end":{"line":63,"column":5}},"19":{"start":{"line":65,"column":4},"end":{"line":67,"column":7}},"20":{"start":{"line":66,"column":6},"end":{"line":66,"column":28}},"21":{"start":{"line":70,"column":29},"end":{"line":88,"column":3}},"22":{"start":{"line":71,"column":4},"end":{"line":71,"column":23}},"23":{"start":{"line":77,"column":4},"end":{"line":81,"column":6}},"24":{"start":{"line":82,"column":4},"end":{"line":82,"column":38}},"25":{"start":{"line":83,"column":4},"end":{"line":87,"column":7}},"26":{"start":{"line":90,"column":25},"end":{"line":108,"column":3}},"27":{"start":{"line":91,"column":4},"end":{"line":91,"column":23}},"28":{"start":{"line":97,"column":4},"end":{"line":101,"column":6}},"29":{"start":{"line":102,"column":4},"end":{"line":102,"column":38}},"30":{"start":{"line":103,"column":4},"end":{"line":107,"column":7}},"31":{"start":{"line":110,"column":2},"end":{"line":197,"column":4}},"32":{"start":{"line":136,"column":12},"end":{"line":168,"column":26}},"33":{"start":{"line":141,"column":31},"end":{"line":141,"column":45}},"34":{"start":{"line":155,"column":34},"end":{"line":155,"column":53}},"35":{"start":{"line":200,"column":15},"end":{"line":263,"column":2}}},"fnMap":{"0":{"name":"(anonymous_0)","decl":{"start":{"line":23,"column":28},"end":{"line":23,"column":29}},"loc":{"start":{"line":23,"column":53},"end":{"line":198,"column":1}},"line":23},"1":{"name":"(anonymous_1)","decl":{"start":{"line":27,"column":68},"end":{"line":27,"column":69}},"loc":{"start":{"line":28,"column":4},"end":{"line":28,"column":76}},"line":28},"2":{"name":"(anonymous_2)","decl":{"start":{"line":42,"column":12},"end":{"line":42,"column":13}},"loc":{"start":{"line":42,"column":18},"end":{"line":49,"column":3}},"line":42},"3":{"name":"(anonymous_3)","decl":{"start":{"line":51,"column":24},"end":{"line":51,"column":25}},"loc":{"start":{"line":51,"column":29},"end":{"line":68,"column":3}},"line":51},"4":{"name":"(anonymous_4)","decl":{"start":{"line":65,"column":39},"end":{"line":65,"column":40}},"loc":{"start":{"line":65,"column":45},"end":{"line":67,"column":5}},"line":65},"5":{"name":"(anonymous_5)","decl":{"start":{"line":70,"column":29},"end":{"line":70,"column":30}},"loc":{"start":{"line":70,"column":34},"end":{"line":88,"column":3}},"line":70},"6":{"name":"(anonymous_6)","decl":{"start":{"line":90,"column":25},"end":{"line":90,"column":26}},"loc":{"start":{"line":90,"column":30},"end":{"line":108,"column":3}},"line":90},"7":{"name":"(anonymous_7)","decl":{"start":{"line":135,"column":27},"end":{"line":135,"column":28}},"loc":{"start":{"line":136,"column":12},"end":{"line":168,"column":26}},"line":136},"8":{"name":"(anonymous_8)","decl":{"start":{"line":141,"column":25},"end":{"line":141,"column":26}},"loc":{"start":{"line":141,"column":31},"end":{"line":141,"column":45}},"line":141},"9":{"name":"(anonymous_9)","decl":{"start":{"line":155,"column":25},"end":{"line":155,"column":26}},"loc":{"start":{"line":155,"column":34},"end":{"line":155,"column":53}},"line":155}},"branchMap":{"0":{"loc":{"start":{"line":145,"column":34},"end":{"line":145,"column":69}},"type":"cond-expr","locations":[{"start":{"line":145,"column":51},"end":{"line":145,"column":60}},{"start":{"line":145,"column":63},"end":{"line":145,"column":69}}],"line":145},"1":{"loc":{"start":{"line":178,"column":24},"end":{"line":178,"column":51}},"type":"cond-expr","locations":[{"start":{"line":178,"column":39},"end":{"line":178,"column":43}},{"start":{"line":178,"column":46},"end":{"line":178,"column":51}}],"line":178},"2":{"loc":{"start":{"line":184,"column":13},"end":{"line":192,"column":13}},"type":"cond-expr","locations":[{"start":{"line":185,"column":14},"end":{"line":185,"column":62}},{"start":{"line":187,"column":14},"end":{"line":191,"column":16}}],"line":184},"3":{"loc":{"start":{"line":188,"column":26},"end":{"line":188,"column":53}},"type":"cond-expr","locations":[{"start":{"line":188,"column":41},"end":{"line":188,"column":45}},{"start":{"line":188,"column":48},"end":{"line":188,"column":53}}],"line":188}},"s":{"0":2,"1":2,"2":2,"3":2,"4":4,"5":2,"6":2,"7":2,"8":2,"9":2,"10":2,"11":2,"12":2,"13":1,"14":1,"15":2,"16":0,"17":0,"18":0,"19":0,"20":0,"21":2,"22":0,"23":0,"24":0,"25":0,"26":2,"27":0,"28":0,"29":0,"30":0,"31":2,"32":4,"33":0,"34":0,"35":2},"f":{"0":2,"1":4,"2":1,"3":0,"4":0,"5":0,"6":0,"7":4,"8":0,"9":0},"b":{"0":[2,2],"1":[1,1],"2":[2,0],"3":[0,0]},"_coverageSchema":"1a1c01bbd47fc00a2c39e90264f33305004495a9","hash":"a863cbf3f15fb173b5da470ebc99a0310a20efda"}
,"C:\\Users\\39366\\Desktop\\Master\\individualProjects\\Project1-TelemedicinePlatformMobileSide\\TelemedicineMobileApp\\frontend\\screens\\SliderQuestionScreen.js": {"path":"C:\\Users\\39366\\Desktop\\Master\\individualProjects\\Project1-TelemedicinePlatformMobileSide\\TelemedicineMobileApp\\frontend\\screens\\SliderQuestionScreen.js","statementMap":{"0":{"start":{"line":18,"column":29},"end":{"line":165,"column":1}},"1":{"start":{"line":19,"column":21},"end":{"line":19,"column":34}},"2":{"start":{"line":21,"column":42},"end":{"line":21,"column":223}},"3":{"start":{"line":23,"column":28},"end":{"line":23,"column":46}},"4":{"start":{"line":24,"column":28},"end":{"line":24,"column":46}},"5":{"start":{"line":25,"column":32},"end":{"line":25,"column":67}},"6":{"start":{"line":28,"column":17},"end":{"line":28,"column":23}},"7":{"start":{"line":29,"column":17},"end":{"line":29,"column":23}},"8":{"start":{"line":31,"column":4},"end":{"line":42,"column":10}},"9":{"start":{"line":40,"column":8},"end":{"line":40,"column":86}},"10":{"start":{"line":41,"column":8},"end":{"line":41,"column":86}},"11":{"start":{"line":44,"column":26},"end":{"line":57,"column":5}},"12":{"start":{"line":45,"column":8},"end":{"line":45,"column":26}},"13":{"start":{"line":47,"column":8},"end":{"line":47,"column":90}},"14":{"start":{"line":49,"column":23},"end":{"line":52,"column":9}},"15":{"start":{"line":54,"column":8},"end":{"line":56,"column":10}},"16":{"start":{"line":55,"column":12},"end":{"line":55,"column":34}},"17":{"start":{"line":59,"column":31},"end":{"line":64,"column":5}},"18":{"start":{"line":60,"column":8},"end":{"line":60,"column":26}},"19":{"start":{"line":61,"column":8},"end":{"line":61,"column":90}},"20":{"start":{"line":62,"column":8},"end":{"line":62,"column":41}},"21":{"start":{"line":63,"column":8},"end":{"line":63,"column":107}},"22":{"start":{"line":66,"column":27},"end":{"line":71,"column":5}},"23":{"start":{"line":67,"column":8},"end":{"line":67,"column":26}},"24":{"start":{"line":68,"column":8},"end":{"line":68,"column":90}},"25":{"start":{"line":69,"column":8},"end":{"line":69,"column":41}},"26":{"start":{"line":70,"column":8},"end":{"line":70,"column":107}},"27":{"start":{"line":73,"column":4},"end":{"line":164,"column":6}},"28":{"start":{"line":133,"column":45},"end":{"line":133,"column":72}},"29":{"start":{"line":167,"column":15},"end":{"line":249,"column":2}}},"fnMap":{"0":{"name":"(anonymous_0)","decl":{"start":{"line":18,"column":29},"end":{"line":18,"column":30}},"loc":{"start":{"line":18,"column":56},"end":{"line":165,"column":1}},"line":18},"1":{"name":"(anonymous_1)","decl":{"start":{"line":31,"column":14},"end":{"line":31,"column":15}},"loc":{"start":{"line":31,"column":20},"end":{"line":42,"column":5}},"line":31},"2":{"name":"(anonymous_2)","decl":{"start":{"line":44,"column":26},"end":{"line":44,"column":27}},"loc":{"start":{"line":44,"column":33},"end":{"line":57,"column":5}},"line":44},"3":{"name":"(anonymous_3)","decl":{"start":{"line":54,"column":43},"end":{"line":54,"column":44}},"loc":{"start":{"line":54,"column":47},"end":{"line":56,"column":9}},"line":54},"4":{"name":"(anonymous_4)","decl":{"start":{"line":59,"column":31},"end":{"line":59,"column":32}},"loc":{"start":{"line":59,"column":38},"end":{"line":64,"column":5}},"line":59},"5":{"name":"(anonymous_5)","decl":{"start":{"line":66,"column":27},"end":{"line":66,"column":28}},"loc":{"start":{"line":66,"column":34},"end":{"line":71,"column":5}},"line":66},"6":{"name":"(anonymous_6)","decl":{"start":{"line":133,"column":28},"end":{"line":133,"column":29}},"loc":{"start":{"line":133,"column":45},"end":{"line":133,"column":72}},"line":133}},"branchMap":{"0":{"loc":{"start":{"line":144,"column":38},"end":{"line":144,"column":65}},"type":"cond-expr","locations":[{"start":{"line":144,"column":53},"end":{"line":144,"column":57}},{"start":{"line":144,"column":60},"end":{"line":144,"column":65}}],"line":144},"1":{"loc":{"start":{"line":150,"column":25},"end":{"line":158,"column":26}},"type":"cond-expr","locations":[{"start":{"line":150,"column":90},"end":{"line":153,"column":26}},{"start":{"line":153,"column":29},"end":{"line":158,"column":26}}],"line":150},"2":{"loc":{"start":{"line":154,"column":38},"end":{"line":154,"column":65}},"type":"cond-expr","locations":[{"start":{"line":154,"column":53},"end":{"line":154,"column":57}},{"start":{"line":154,"column":60},"end":{"line":154,"column":65}}],"line":154}},"s":{"0":2,"1":2,"2":2,"3":2,"4":2,"5":2,"6":2,"7":2,"8":2,"9":1,"10":1,"11":2,"12":0,"13":0,"14":0,"15":0,"16":0,"17":2,"18":0,"19":0,"20":0,"21":0,"22":2,"23":0,"24":0,"25":0,"26":0,"27":2,"28":0,"29":2},"f":{"0":2,"1":1,"2":0,"3":0,"4":0,"5":0,"6":0},"b":{"0":[1,1],"1":[2,0],"2":[0,0]},"_coverageSchema":"1a1c01bbd47fc00a2c39e90264f33305004495a9","hash":"1c089156d1ce39cc78f758803d2479678e7fcc5e"}
,"C:\\Users\\39366\\Desktop\\Master\\individualProjects\\Project1-TelemedicinePlatformMobileSide\\TelemedicineMobileApp\\frontend\\screens\\TrueFalseQuestionScreen.js": {"path":"C:\\Users\\39366\\Desktop\\Master\\individualProjects\\Project1-TelemedicinePlatformMobileSide\\TelemedicineMobileApp\\frontend\\screens\\TrueFalseQuestionScreen.js","statementMap":{"0":{"start":{"line":13,"column":32},"end":{"line":130,"column":1}},"1":{"start":{"line":14,"column":21},"end":{"line":14,"column":34}},"2":{"start":{"line":16,"column":28},"end":{"line":16,"column":46}},"3":{"start":{"line":17,"column":28},"end":{"line":17,"column":46}},"4":{"start":{"line":18,"column":32},"end":{"line":18,"column":67}},"5":{"start":{"line":19,"column":38},"end":{"line":19,"column":59}},"6":{"start":{"line":21,"column":17},"end":{"line":21,"column":23}},"7":{"start":{"line":22,"column":17},"end":{"line":22,"column":23}},"8":{"start":{"line":24,"column":4},"end":{"line":35,"column":10}},"9":{"start":{"line":33,"column":8},"end":{"line":33,"column":86}},"10":{"start":{"line":34,"column":8},"end":{"line":34,"column":86}},"11":{"start":{"line":38,"column":26},"end":{"line":51,"column":5}},"12":{"start":{"line":39,"column":8},"end":{"line":39,"column":26}},"13":{"start":{"line":41,"column":8},"end":{"line":41,"column":91}},"14":{"start":{"line":43,"column":23},"end":{"line":46,"column":9}},"15":{"start":{"line":48,"column":8},"end":{"line":50,"column":10}},"16":{"start":{"line":49,"column":12},"end":{"line":49,"column":34}},"17":{"start":{"line":53,"column":31},"end":{"line":58,"column":5}},"18":{"start":{"line":54,"column":8},"end":{"line":54,"column":26}},"19":{"start":{"line":55,"column":8},"end":{"line":55,"column":91}},"20":{"start":{"line":56,"column":8},"end":{"line":56,"column":41}},"21":{"start":{"line":57,"column":8},"end":{"line":57,"column":107}},"22":{"start":{"line":60,"column":27},"end":{"line":65,"column":5}},"23":{"start":{"line":61,"column":8},"end":{"line":61,"column":26}},"24":{"start":{"line":62,"column":8},"end":{"line":62,"column":91}},"25":{"start":{"line":63,"column":8},"end":{"line":63,"column":41}},"26":{"start":{"line":64,"column":8},"end":{"line":64,"column":107}},"27":{"start":{"line":67,"column":4},"end":{"line":129,"column":6}},"28":{"start":{"line":94,"column":39},"end":{"line":94,"column":57}},"29":{"start":{"line":100,"column":39},"end":{"line":100,"column":58}},"30":{"start":{"line":132,"column":15},"end":{"line":190,"column":2}}},"fnMap":{"0":{"name":"(anonymous_0)","decl":{"start":{"line":13,"column":32},"end":{"line":13,"column":33}},"loc":{"start":{"line":13,"column":59},"end":{"line":130,"column":1}},"line":13},"1":{"name":"(anonymous_1)","decl":{"start":{"line":24,"column":14},"end":{"line":24,"column":15}},"loc":{"start":{"line":24,"column":20},"end":{"line":35,"column":5}},"line":24},"2":{"name":"(anonymous_2)","decl":{"start":{"line":38,"column":26},"end":{"line":38,"column":27}},"loc":{"start":{"line":38,"column":33},"end":{"line":51,"column":5}},"line":38},"3":{"name":"(anonymous_3)","decl":{"start":{"line":48,"column":43},"end":{"line":48,"column":44}},"loc":{"start":{"line":48,"column":47},"end":{"line":50,"column":9}},"line":48},"4":{"name":"(anonymous_4)","decl":{"start":{"line":53,"column":31},"end":{"line":53,"column":32}},"loc":{"start":{"line":53,"column":38},"end":{"line":58,"column":5}},"line":53},"5":{"name":"(anonymous_5)","decl":{"start":{"line":60,"column":27},"end":{"line":60,"column":28}},"loc":{"start":{"line":60,"column":34},"end":{"line":65,"column":5}},"line":60},"6":{"name":"(anonymous_6)","decl":{"start":{"line":94,"column":33},"end":{"line":94,"column":34}},"loc":{"start":{"line":94,"column":39},"end":{"line":94,"column":57}},"line":94},"7":{"name":"(anonymous_7)","decl":{"start":{"line":100,"column":33},"end":{"line":100,"column":34}},"loc":{"start":{"line":100,"column":39},"end":{"line":100,"column":58}},"line":100}},"branchMap":{"0":{"loc":{"start":{"line":95,"column":31},"end":{"line":95,"column":65}},"type":"cond-expr","locations":[{"start":{"line":95,"column":44},"end":{"line":95,"column":53}},{"start":{"line":95,"column":56},"end":{"line":95,"column":65}}],"line":95},"1":{"loc":{"start":{"line":101,"column":31},"end":{"line":101,"column":64}},"type":"cond-expr","locations":[{"start":{"line":101,"column":43},"end":{"line":101,"column":52}},{"start":{"line":101,"column":55},"end":{"line":101,"column":64}}],"line":101},"2":{"loc":{"start":{"line":111,"column":38},"end":{"line":111,"column":65}},"type":"cond-expr","locations":[{"start":{"line":111,"column":53},"end":{"line":111,"column":57}},{"start":{"line":111,"column":60},"end":{"line":111,"column":65}}],"line":111},"3":{"loc":{"start":{"line":117,"column":25},"end":{"line":124,"column":26}},"type":"cond-expr","locations":[{"start":{"line":117,"column":90},"end":{"line":120,"column":26}},{"start":{"line":120,"column":29},"end":{"line":124,"column":26}}],"line":117},"4":{"loc":{"start":{"line":121,"column":38},"end":{"line":121,"column":65}},"type":"cond-expr","locations":[{"start":{"line":121,"column":53},"end":{"line":121,"column":57}},{"start":{"line":121,"column":60},"end":{"line":121,"column":65}}],"line":121}},"s":{"0":2,"1":2,"2":2,"3":2,"4":2,"5":2,"6":2,"7":2,"8":2,"9":1,"10":1,"11":2,"12":0,"13":0,"14":0,"15":0,"16":0,"17":2,"18":0,"19":0,"20":0,"21":0,"22":2,"23":0,"24":0,"25":0,"26":0,"27":2,"28":0,"29":0,"30":2},"f":{"0":2,"1":1,"2":0,"3":0,"4":0,"5":0,"6":0,"7":0},"b":{"0":[2,0],"1":[0,2],"2":[1,1],"3":[2,0],"4":[0,0]},"_coverageSchema":"1a1c01bbd47fc00a2c39e90264f33305004495a9","hash":"80aae1bf27187c55bd1fcfe594e5d31086772e14"}
,"C:\\Users\\39366\\Desktop\\Master\\individualProjects\\Project1-TelemedicinePlatformMobileSide\\TelemedicineMobileApp\\frontend\\utils\\ImagePicker.js": {"path":"C:\\Users\\39366\\Desktop\\Master\\individualProjects\\Project1-TelemedicinePlatformMobileSide\\TelemedicineMobileApp\\frontend\\utils\\ImagePicker.js","statementMap":{"0":{"start":{"line":12,"column":20},"end":{"line":28,"column":1}},"1":{"start":{"line":13,"column":4},"end":{"line":27,"column":5}},"2":{"start":{"line":30,"column":15},"end":{"line":44,"column":2}}},"fnMap":{"0":{"name":"(anonymous_0)","decl":{"start":{"line":12,"column":20},"end":{"line":12,"column":21}},"loc":{"start":{"line":12,"column":39},"end":{"line":28,"column":1}},"line":12}},"branchMap":{"0":{"loc":{"start":{"line":15,"column":13},"end":{"line":25,"column":59}},"type":"cond-expr","locations":[{"start":{"line":15,"column":31},"end":{"line":15,"column":109}},{"start":{"line":16,"column":18},"end":{"line":25,"column":59}}],"line":15},"1":{"loc":{"start":{"line":16,"column":18},"end":{"line":25,"column":59}},"type":"cond-expr","locations":[{"start":{"line":16,"column":36},"end":{"line":16,"column":110}},{"start":{"line":17,"column":22},"end":{"line":25,"column":59}}],"line":16},"2":{"loc":{"start":{"line":17,"column":22},"end":{"line":25,"column":59}},"type":"cond-expr","locations":[{"start":{"line":17,"column":40},"end":{"line":17,"column":114}},{"start":{"line":18,"column":26},"end":{"line":25,"column":59}}],"line":17},"3":{"loc":{"start":{"line":18,"column":26},"end":{"line":25,"column":59}},"type":"cond-expr","locations":[{"start":{"line":18,"column":44},"end":{"line":18,"column":115}},{"start":{"line":19,"column":30},"end":{"line":25,"column":59}}],"line":18},"4":{"loc":{"start":{"line":19,"column":30},"end":{"line":25,"column":59}},"type":"cond-expr","locations":[{"start":{"line":19,"column":48},"end":{"line":19,"column":123}},{"start":{"line":20,"column":34},"end":{"line":25,"column":59}}],"line":19},"5":{"loc":{"start":{"line":20,"column":34},"end":{"line":25,"column":59}},"type":"cond-expr","locations":[{"start":{"line":20,"column":52},"end":{"line":20,"column":128}},{"start":{"line":21,"column":38},"end":{"line":25,"column":59}}],"line":20},"6":{"loc":{"start":{"line":21,"column":38},"end":{"line":25,"column":59}},"type":"cond-expr","locations":[{"start":{"line":21,"column":56},"end":{"line":21,"column":131}},{"start":{"line":22,"column":42},"end":{"line":25,"column":59}}],"line":21},"7":{"loc":{"start":{"line":22,"column":42},"end":{"line":25,"column":59}},"type":"cond-expr","locations":[{"start":{"line":22,"column":60},"end":{"line":22,"column":133}},{"start":{"line":23,"column":46},"end":{"line":25,"column":59}}],"line":22},"8":{"loc":{"start":{"line":23,"column":46},"end":{"line":25,"column":59}},"type":"cond-expr","locations":[{"start":{"line":23,"column":64},"end":{"line":23,"column":140}},{"start":{"line":24,"column":50},"end":{"line":25,"column":59}}],"line":23},"9":{"loc":{"start":{"line":24,"column":50},"end":{"line":25,"column":59}},"type":"cond-expr","locations":[{"start":{"line":24,"column":68},"end":{"line":24,"column":145}},{"start":{"line":25,"column":54},"end":{"line":25,"column":59}}],"line":24}},"s":{"0":5,"1":23,"2":5},"f":{"0":23},"b":{"0":[0,23],"1":[2,21],"2":[0,21],"3":[7,14],"4":[2,12],"5":[8,4],"6":[0,4],"7":[0,4],"8":[0,4],"9":[4,0]},"_coverageSchema":"1a1c01bbd47fc00a2c39e90264f33305004495a9","hash":"fb3e6b287fc2796fcf2cacf2cd24bfcb8dcdbb86"}
,"C:\\Users\\39366\\Desktop\\Master\\individualProjects\\Project1-TelemedicinePlatformMobileSide\\TelemedicineMobileApp\\frontend\\utils\\selectNavigationScreen.js": {"path":"C:\\Users\\39366\\Desktop\\Master\\individualProjects\\Project1-TelemedicinePlatformMobileSide\\TelemedicineMobileApp\\frontend\\utils\\selectNavigationScreen.js","statementMap":{"0":{"start":{"line":2,"column":4},"end":{"line":40,"column":5}},"1":{"start":{"line":3,"column":8},"end":{"line":20,"column":9}},"2":{"start":{"line":4,"column":12},"end":{"line":5,"column":31}},"3":{"start":{"line":5,"column":16},"end":{"line":5,"column":31}},"4":{"start":{"line":6,"column":12},"end":{"line":7,"column":34}},"5":{"start":{"line":7,"column":16},"end":{"line":7,"column":34}},"6":{"start":{"line":8,"column":12},"end":{"line":9,"column":43}},"7":{"start":{"line":9,"column":16},"end":{"line":9,"column":43}},"8":{"start":{"line":10,"column":12},"end":{"line":11,"column":35}},"9":{"start":{"line":11,"column":16},"end":{"line":11,"column":35}},"10":{"start":{"line":12,"column":12},"end":{"line":13,"column":30}},"11":{"start":{"line":13,"column":16},"end":{"line":13,"column":30}},"12":{"start":{"line":14,"column":12},"end":{"line":15,"column":30}},"13":{"start":{"line":15,"column":16},"end":{"line":15,"column":30}},"14":{"start":{"line":16,"column":12},"end":{"line":17,"column":29}},"15":{"start":{"line":17,"column":16},"end":{"line":17,"column":29}},"16":{"start":{"line":19,"column":12},"end":{"line":19,"column":23}},"17":{"start":{"line":21,"column":11},"end":{"line":40,"column":5}},"18":{"start":{"line":22,"column":8},"end":{"line":39,"column":9}},"19":{"start":{"line":23,"column":12},"end":{"line":24,"column":31}},"20":{"start":{"line":24,"column":16},"end":{"line":24,"column":31}},"21":{"start":{"line":25,"column":12},"end":{"line":26,"column":34}},"22":{"start":{"line":26,"column":16},"end":{"line":26,"column":34}},"23":{"start":{"line":27,"column":12},"end":{"line":28,"column":43}},"24":{"start":{"line":28,"column":16},"end":{"line":28,"column":43}},"25":{"start":{"line":29,"column":12},"end":{"line":30,"column":35}},"26":{"start":{"line":30,"column":16},"end":{"line":30,"column":35}},"27":{"start":{"line":31,"column":12},"end":{"line":32,"column":30}},"28":{"start":{"line":32,"column":16},"end":{"line":32,"column":30}},"29":{"start":{"line":33,"column":12},"end":{"line":34,"column":30}},"30":{"start":{"line":34,"column":16},"end":{"line":34,"column":30}},"31":{"start":{"line":35,"column":12},"end":{"line":36,"column":29}},"32":{"start":{"line":36,"column":16},"end":{"line":36,"column":29}},"33":{"start":{"line":38,"column":12},"end":{"line":38,"column":23}}},"fnMap":{"0":{"name":"selectNavigationScreen","decl":{"start":{"line":1,"column":16},"end":{"line":1,"column":38}},"loc":{"start":{"line":1,"column":60},"end":{"line":41,"column":1}},"line":1}},"branchMap":{"0":{"loc":{"start":{"line":2,"column":4},"end":{"line":40,"column":5}},"type":"if","locations":[{"start":{"line":2,"column":4},"end":{"line":40,"column":5}},{"start":{"line":2,"column":4},"end":{"line":40,"column":5}}],"line":2},"1":{"loc":{"start":{"line":3,"column":8},"end":{"line":20,"column":9}},"type":"if","locations":[{"start":{"line":3,"column":8},"end":{"line":20,"column":9}},{"start":{"line":3,"column":8},"end":{"line":20,"column":9}}],"line":3},"2":{"loc":{"start":{"line":3,"column":12},"end":{"line":3,"column":65}},"type":"binary-expr","locations":[{"start":{"line":3,"column":12},"end":{"line":3,"column":26}},{"start":{"line":3,"column":30},"end":{"line":3,"column":65}}],"line":3},"3":{"loc":{"start":{"line":4,"column":12},"end":{"line":5,"column":31}},"type":"if","locations":[{"start":{"line":4,"column":12},"end":{"line":5,"column":31}},{"start":{"line":4,"column":12},"end":{"line":5,"column":31}}],"line":4},"4":{"loc":{"start":{"line":6,"column":12},"end":{"line":7,"column":34}},"type":"if","locations":[{"start":{"line":6,"column":12},"end":{"line":7,"column":34}},{"start":{"line":6,"column":12},"end":{"line":7,"column":34}}],"line":6},"5":{"loc":{"start":{"line":8,"column":12},"end":{"line":9,"column":43}},"type":"if","locations":[{"start":{"line":8,"column":12},"end":{"line":9,"column":43}},{"start":{"line":8,"column":12},"end":{"line":9,"column":43}}],"line":8},"6":{"loc":{"start":{"line":10,"column":12},"end":{"line":11,"column":35}},"type":"if","locations":[{"start":{"line":10,"column":12},"end":{"line":11,"column":35}},{"start":{"line":10,"column":12},"end":{"line":11,"column":35}}],"line":10},"7":{"loc":{"start":{"line":12,"column":12},"end":{"line":13,"column":30}},"type":"if","locations":[{"start":{"line":12,"column":12},"end":{"line":13,"column":30}},{"start":{"line":12,"column":12},"end":{"line":13,"column":30}}],"line":12},"8":{"loc":{"start":{"line":14,"column":12},"end":{"line":15,"column":30}},"type":"if","locations":[{"start":{"line":14,"column":12},"end":{"line":15,"column":30}},{"start":{"line":14,"column":12},"end":{"line":15,"column":30}}],"line":14},"9":{"loc":{"start":{"line":16,"column":12},"end":{"line":17,"column":29}},"type":"if","locations":[{"start":{"line":16,"column":12},"end":{"line":17,"column":29}},{"start":{"line":16,"column":12},"end":{"line":17,"column":29}}],"line":16},"10":{"loc":{"start":{"line":21,"column":11},"end":{"line":40,"column":5}},"type":"if","locations":[{"start":{"line":21,"column":11},"end":{"line":40,"column":5}},{"start":{"line":21,"column":11},"end":{"line":40,"column":5}}],"line":21},"11":{"loc":{"start":{"line":22,"column":8},"end":{"line":39,"column":9}},"type":"if","locations":[{"start":{"line":22,"column":8},"end":{"line":39,"column":9}},{"start":{"line":22,"column":8},"end":{"line":39,"column":9}}],"line":22},"12":{"loc":{"start":{"line":22,"column":12},"end":{"line":22,"column":65}},"type":"binary-expr","locations":[{"start":{"line":22,"column":12},"end":{"line":22,"column":26}},{"start":{"line":22,"column":30},"end":{"line":22,"column":65}}],"line":22},"13":{"loc":{"start":{"line":23,"column":12},"end":{"line":24,"column":31}},"type":"if","locations":[{"start":{"line":23,"column":12},"end":{"line":24,"column":31}},{"start":{"line":23,"column":12},"end":{"line":24,"column":31}}],"line":23},"14":{"loc":{"start":{"line":25,"column":12},"end":{"line":26,"column":34}},"type":"if","locations":[{"start":{"line":25,"column":12},"end":{"line":26,"column":34}},{"start":{"line":25,"column":12},"end":{"line":26,"column":34}}],"line":25},"15":{"loc":{"start":{"line":27,"column":12},"end":{"line":28,"column":43}},"type":"if","locations":[{"start":{"line":27,"column":12},"end":{"line":28,"column":43}},{"start":{"line":27,"column":12},"end":{"line":28,"column":43}}],"line":27},"16":{"loc":{"start":{"line":29,"column":12},"end":{"line":30,"column":35}},"type":"if","locations":[{"start":{"line":29,"column":12},"end":{"line":30,"column":35}},{"start":{"line":29,"column":12},"end":{"line":30,"column":35}}],"line":29},"17":{"loc":{"start":{"line":31,"column":12},"end":{"line":32,"column":30}},"type":"if","locations":[{"start":{"line":31,"column":12},"end":{"line":32,"column":30}},{"start":{"line":31,"column":12},"end":{"line":32,"column":30}}],"line":31},"18":{"loc":{"start":{"line":33,"column":12},"end":{"line":34,"column":30}},"type":"if","locations":[{"start":{"line":33,"column":12},"end":{"line":34,"column":30}},{"start":{"line":33,"column":12},"end":{"line":34,"column":30}}],"line":33},"19":{"loc":{"start":{"line":35,"column":12},"end":{"line":36,"column":29}},"type":"if","locations":[{"start":{"line":35,"column":12},"end":{"line":36,"column":29}},{"start":{"line":35,"column":12},"end":{"line":36,"column":29}}],"line":35}},"s":{"0":34,"1":17,"2":5,"3":1,"4":4,"5":1,"6":3,"7":0,"8":3,"9":1,"10":2,"11":0,"12":2,"13":1,"14":1,"15":1,"16":12,"17":17,"18":17,"19":7,"20":1,"21":6,"22":1,"23":5,"24":0,"25":5,"26":0,"27":5,"28":1,"29":4,"30":1,"31":3,"32":3,"33":10},"f":{"0":34},"b":{"0":[17,17],"1":[5,12],"2":[17,5],"3":[1,4],"4":[1,3],"5":[0,3],"6":[1,2],"7":[0,2],"8":[1,1],"9":[1,0],"10":[17,0],"11":[7,10],"12":[17,17],"13":[1,6],"14":[1,5],"15":[0,5],"16":[0,5],"17":[1,4],"18":[1,3],"19":[3,0]},"_coverageSchema":"1a1c01bbd47fc00a2c39e90264f33305004495a9","hash":"ad9af46611779beeb150a01a2f0bfa4b3adbcc69"}
}
