TN:
SF:frontend\store.js
FNF:0
FNH:0
DA:15,8
DA:17,8
DA:24,8
DA:27,8
DA:34,8
LF:5
LH:5
BRF:0
BRH:0
end_of_record
TN:
SF:frontend\actions\surveyActions.js
FN:12,(anonymous_0)
FN:12,(anonymous_1)
FN:34,(anonymous_2)
FN:34,(anonymous_3)
FNF:4
FNH:2
FNDA:2,(anonymous_0)
FNDA:2,(anonymous_1)
FNDA:0,(anonymous_2)
FNDA:0,(anonymous_3)
DA:12,8
DA:13,2
DA:14,2
DA:16,2
DA:18,0
DA:23,0
DA:34,8
DA:35,0
DA:37,0
DA:41,0
DA:46,0
DA:52,0
LF:12
LH:5
BRDA:26,0,0,0
BRDA:26,0,1,0
BRDA:26,1,0,0
BRDA:26,1,1,0
BRDA:55,2,0,0
BRDA:55,2,1,0
BRDA:55,3,0,0
BRDA:55,3,1,0
BRF:8
BRH:0
end_of_record
TN:
SF:frontend\actions\timeSlotActions.js
FN:9,(anonymous_0)
FN:9,(anonymous_1)
FNF:2
FNH:2
FNDA:1,(anonymous_0)
FNDA:1,(anonymous_1)
DA:9,1
DA:10,1
DA:11,1
DA:13,1
DA:15,0
DA:22,0
LF:6
LH:4
BRDA:25,0,0,0
BRDA:25,0,1,0
BRDA:25,1,0,0
BRDA:25,1,1,0
BRF:4
BRH:0
end_of_record
TN:
SF:frontend\components\ErrorQuestion.js
FN:12,(anonymous_0)
FNF:1
FNH:1
FNDA:1,(anonymous_0)
DA:12,1
DA:13,1
DA:24,1
LF:3
LH:3
BRF:0
BRH:0
end_of_record
TN:
SF:frontend\components\Loader.js
FN:11,(anonymous_0)
FNF:1
FNH:1
FNDA:1,(anonymous_0)
DA:11,2
DA:12,1
DA:19,2
LF:3
LH:3
BRF:0
BRH:0
end_of_record
TN:
SF:frontend\components\Message.js
FN:12,(anonymous_0)
FNF:1
FNH:1
FNDA:1,(anonymous_0)
DA:12,2
DA:13,1
DA:15,2
LF:3
LH:3
BRF:0
BRH:0
end_of_record
TN:
SF:frontend\components\QuestionsContainer.js
FN:17,(anonymous_0)
FNF:1
FNH:1
FNDA:1,(anonymous_0)
DA:14,1
DA:17,1
DA:18,1
LF:3
LH:3
BRF:0
BRH:0
end_of_record
TN:
SF:frontend\components\StartScreen.js
FN:10,(anonymous_0)
FN:14,(anonymous_1)
FN:17,(anonymous_2)
FN:24,(anonymous_3)
FN:49,(anonymous_4)
FN:53,(anonymous_5)
FNF:6
FNH:5
FNDA:3,(anonymous_0)
FNDA:7,(anonymous_1)
FNDA:7,(anonymous_2)
FNDA:0,(anonymous_3)
FNDA:2,(anonymous_4)
FNDA:1,(anonymous_5)
DA:10,1
DA:12,3
DA:14,7
DA:15,3
DA:17,7
DA:22,3
DA:24,3
DA:25,0
DA:26,0
DA:28,0
DA:29,0
DA:30,0
DA:31,0
DA:32,0
DA:33,0
DA:34,0
DA:35,0
DA:36,0
DA:37,0
DA:38,0
DA:39,0
DA:40,0
DA:41,0
DA:42,0
DA:43,0
DA:44,0
DA:45,0
DA:49,3
DA:50,2
DA:53,3
DA:54,1
DA:57,3
DA:101,1
LF:33
LH:13
BRDA:25,0,0,0
BRDA:25,0,1,0
BRDA:25,1,0,0
BRDA:25,1,1,0
BRDA:28,2,0,0
BRDA:28,2,1,0
BRDA:30,3,0,0
BRDA:30,3,1,0
BRDA:32,4,0,0
BRDA:32,4,1,0
BRDA:34,5,0,0
BRDA:34,5,1,0
BRDA:36,6,0,0
BRDA:36,6,1,0
BRDA:38,7,0,0
BRDA:38,7,1,0
BRDA:40,8,0,0
BRDA:40,8,1,0
BRDA:42,9,0,0
BRDA:42,9,1,0
BRDA:44,10,0,0
BRDA:44,10,1,0
BRDA:54,11,0,1
BRDA:54,11,1,0
BRF:24
BRH:1
end_of_record
TN:
SF:frontend\constants\patientConstants.js
FNF:0
FNH:0
DA:1,8
DA:2,8
DA:3,8
LF:3
LH:3
BRF:0
BRH:0
end_of_record
TN:
SF:frontend\constants\surveyConstants.js
FNF:0
FNH:0
DA:1,8
DA:2,8
DA:3,8
DA:5,8
DA:6,8
DA:7,8
LF:6
LH:6
BRF:0
BRH:0
end_of_record
TN:
SF:frontend\constants\timeSlotConstants.js
FNF:0
FNH:0
DA:1,8
DA:2,8
DA:3,8
LF:3
LH:3
BRF:0
BRH:0
end_of_record
TN:
SF:frontend\images\alcolici.png
FNF:0
FNH:0
DA:1,2
LF:1
LH:1
BRF:0
BRH:0
end_of_record
TN:
SF:frontend\images\sad.png
FNF:0
FNH:0
DA:1,1
LF:1
LH:1
BRF:0
BRH:0
end_of_record
TN:
SF:frontend\images\sigaretta.png
FNF:0
FNH:0
DA:1,1
LF:1
LH:1
BRF:0
BRH:0
end_of_record
TN:
SF:frontend\images\smiley.png
FNF:0
FNH:0
DA:1,1
LF:1
LH:1
BRF:0
BRH:0
end_of_record
TN:
SF:frontend\images\verySad.png
FNF:0
FNH:0
DA:1,1
LF:1
LH:1
BRF:0
BRH:0
end_of_record
TN:
SF:frontend\reducers\patientReducers.js
FN:7,(anonymous_0)
FNF:1
FNH:1
FNDA:27,(anonymous_0)
DA:7,8
DA:8,27
DA:10,0
DA:12,0
DA:15,0
DA:18,27
LF:6
LH:3
BRDA:7,0,0,24
BRDA:8,1,0,0
BRDA:8,1,1,0
BRDA:8,1,2,0
BRDA:8,1,3,27
BRF:5
BRH:2
end_of_record
TN:
SF:frontend\reducers\surveyReducers.js
FN:10,(anonymous_0)
FN:24,(anonymous_1)
FNF:2
FNH:2
FNDA:27,(anonymous_0)
FNDA:27,(anonymous_1)
DA:10,8
DA:11,27
DA:13,2
DA:15,0
DA:17,0
DA:19,25
DA:24,8
DA:25,27
DA:27,0
DA:31,0
DA:37,0
DA:42,27
LF:12
LH:7
BRDA:10,0,0,24
BRDA:11,1,0,2
BRDA:11,1,1,0
BRDA:11,1,2,0
BRDA:11,1,3,25
BRDA:24,2,0,24
BRDA:25,3,0,0
BRDA:25,3,1,0
BRDA:25,3,2,0
BRDA:25,3,3,27
BRF:10
BRH:5
end_of_record
TN:
SF:frontend\reducers\timeSlotReducers.js
FN:7,(anonymous_0)
FNF:1
FNH:1
FNDA:27,(anonymous_0)
DA:7,8
DA:8,27
DA:10,1
DA:12,0
DA:14,0
DA:16,26
LF:6
LH:4
BRDA:7,0,0,24
BRDA:8,1,0,1
BRDA:8,1,1,0
BRDA:8,1,2,0
BRDA:8,1,3,26
BRF:5
BRH:3
end_of_record
TN:
SF:frontend\screens\CheckQuestionScreen.js
FN:17,(anonymous_0)
FN:32,(anonymous_1)
FN:49,(anonymous_2)
FN:54,(anonymous_3)
FN:72,(anonymous_4)
FN:77,(anonymous_5)
FN:80,(anonymous_6)
FN:100,(anonymous_7)
FN:104,(anonymous_8)
FN:124,(anonymous_9)
FN:157,(anonymous_10)
FN:162,(anonymous_11)
FNF:12
FNH:3
FNDA:4,(anonymous_0)
FNDA:2,(anonymous_1)
FNDA:0,(anonymous_2)
FNDA:0,(anonymous_3)
FNDA:0,(anonymous_4)
FNDA:0,(anonymous_5)
FNDA:0,(anonymous_6)
FNDA:0,(anonymous_7)
FNDA:0,(anonymous_8)
FNDA:0,(anonymous_9)
FNDA:8,(anonymous_10)
FNDA:0,(anonymous_11)
DA:17,2
DA:18,4
DA:20,4
DA:21,4
DA:22,4
DA:23,4
DA:29,4
DA:30,4
DA:32,4
DA:41,2
DA:44,2
DA:49,4
DA:50,0
DA:53,0
DA:54,0
DA:55,0
DA:56,0
DA:62,0
DA:67,0
DA:72,0
DA:73,0
DA:77,4
DA:78,0
DA:79,0
DA:80,0
DA:81,0
DA:82,0
DA:88,0
DA:92,0
DA:93,0
DA:100,4
DA:101,0
DA:103,0
DA:104,0
DA:105,0
DA:106,0
DA:112,0
DA:116,0
DA:117,0
DA:124,4
DA:125,0
DA:126,0
DA:127,0
DA:128,0
DA:131,4
DA:158,8
DA:162,0
DA:200,2
LF:48
LH:18
BRDA:55,0,0,0
BRDA:55,0,1,0
BRDA:81,1,0,0
BRDA:81,1,1,0
BRDA:105,2,0,0
BRDA:105,2,1,0
BRDA:178,3,0,2
BRDA:178,3,1,2
BRDA:184,4,0,0
BRDA:184,4,1,4
BRDA:188,5,0,0
BRDA:188,5,1,4
BRF:12
BRH:4
end_of_record
TN:
SF:frontend\screens\IncrementDecrementQuestionScreen.js
FN:15,(anonymous_0)
FN:27,(anonymous_1)
FN:44,(anonymous_2)
FN:57,(anonymous_3)
FN:62,(anonymous_4)
FN:76,(anonymous_5)
FN:90,(anonymous_6)
FN:94,(anonymous_7)
FNF:8
FNH:4
FNDA:7,(anonymous_0)
FNDA:2,(anonymous_1)
FNDA:0,(anonymous_2)
FNDA:0,(anonymous_3)
FNDA:0,(anonymous_4)
FNDA:0,(anonymous_5)
FNDA:2,(anonymous_6)
FNDA:1,(anonymous_7)
DA:15,2
DA:16,7
DA:18,7
DA:19,7
DA:20,7
DA:22,7
DA:24,7
DA:25,7
DA:27,7
DA:36,2
DA:39,2
DA:44,7
DA:45,0
DA:47,0
DA:52,0
DA:57,0
DA:58,0
DA:62,7
DA:63,0
DA:64,0
DA:68,0
DA:69,0
DA:76,7
DA:77,0
DA:78,0
DA:82,0
DA:83,0
DA:90,7
DA:91,2
DA:94,7
DA:95,1
DA:97,7
DA:197,2
LF:33
LH:20
BRDA:95,0,0,1
BRDA:95,0,1,0
BRDA:175,1,0,5
BRDA:175,1,1,2
BRDA:181,2,0,7
BRDA:181,2,1,0
BRDA:185,3,0,0
BRDA:185,3,1,0
BRF:8
BRH:4
end_of_record
TN:
SF:frontend\screens\InsertTimeQuestionScreen.js
FN:14,(anonymous_0)
FN:27,(anonymous_1)
FN:44,(anonymous_2)
FN:58,(anonymous_3)
FN:63,(anonymous_4)
FN:77,(anonymous_5)
FN:91,(anonymous_6)
FN:99,(anonymous_7)
FN:107,(anonymous_8)
FN:115,(anonymous_9)
FNF:10
FNH:6
FNDA:12,(anonymous_0)
FNDA:3,(anonymous_1)
FNDA:0,(anonymous_2)
FNDA:0,(anonymous_3)
FNDA:0,(anonymous_4)
FNDA:0,(anonymous_5)
FNDA:1,(anonymous_6)
FNDA:2,(anonymous_7)
FNDA:1,(anonymous_8)
FNDA:2,(anonymous_9)
DA:14,2
DA:15,12
DA:17,12
DA:18,12
DA:19,12
DA:21,12
DA:22,12
DA:24,12
DA:25,12
DA:27,12
DA:36,3
DA:39,3
DA:44,12
DA:45,0
DA:48,0
DA:53,0
DA:58,0
DA:59,0
DA:63,12
DA:64,0
DA:65,0
DA:69,0
DA:70,0
DA:77,12
DA:78,0
DA:79,0
DA:83,0
DA:84,0
DA:91,12
DA:92,1
DA:93,0
DA:95,1
DA:99,12
DA:100,2
DA:101,0
DA:103,2
DA:107,12
DA:108,1
DA:109,0
DA:111,1
DA:115,12
DA:116,2
DA:117,0
DA:119,2
DA:123,12
DA:237,2
LF:46
LH:29
BRDA:92,0,0,0
BRDA:92,0,1,1
BRDA:100,1,0,0
BRDA:100,1,1,2
BRDA:108,2,0,0
BRDA:108,2,1,1
BRDA:116,3,0,0
BRDA:116,3,1,2
BRDA:215,4,0,9
BRDA:215,4,1,3
BRDA:221,5,0,12
BRDA:221,5,1,0
BRDA:225,6,0,0
BRDA:225,6,1,0
BRF:14
BRH:7
end_of_record
TN:
SF:frontend\screens\OpenQuestionScreen.js
FN:14,(anonymous_0)
FN:25,(anonymous_1)
FN:34,(anonymous_2)
FN:44,(anonymous_3)
FN:49,(anonymous_4)
FN:60,(anonymous_5)
FNF:6
FNH:2
FNDA:5,(anonymous_0)
FNDA:2,(anonymous_1)
FNDA:0,(anonymous_2)
FNDA:0,(anonymous_3)
FNDA:0,(anonymous_4)
FNDA:0,(anonymous_5)
DA:14,2
DA:15,5
DA:17,5
DA:18,5
DA:19,5
DA:20,5
DA:22,5
DA:23,5
DA:25,5
DA:26,2
DA:29,2
DA:34,5
DA:35,0
DA:37,0
DA:39,0
DA:44,0
DA:45,0
DA:49,5
DA:50,0
DA:51,0
DA:52,0
DA:53,0
DA:60,5
DA:61,0
DA:62,0
DA:63,0
DA:64,0
DA:71,5
DA:140,2
LF:29
LH:16
BRDA:118,0,0,3
BRDA:118,0,1,2
BRDA:124,1,0,5
BRDA:124,1,1,0
BRDA:128,2,0,0
BRDA:128,2,1,0
BRF:6
BRH:3
end_of_record
TN:
SF:frontend\screens\RadioQuestionScreen.js
FN:23,(anonymous_0)
FN:27,(anonymous_1)
FN:42,(anonymous_2)
FN:51,(anonymous_3)
FN:65,(anonymous_4)
FN:70,(anonymous_5)
FN:90,(anonymous_6)
FN:135,(anonymous_7)
FN:141,(anonymous_8)
FN:155,(anonymous_9)
FNF:10
FNH:4
FNDA:2,(anonymous_0)
FNDA:4,(anonymous_1)
FNDA:1,(anonymous_2)
FNDA:0,(anonymous_3)
FNDA:0,(anonymous_4)
FNDA:0,(anonymous_5)
FNDA:0,(anonymous_6)
FNDA:4,(anonymous_7)
FNDA:0,(anonymous_8)
FNDA:0,(anonymous_9)
DA:23,2
DA:24,2
DA:26,2
DA:27,2
DA:28,4
DA:31,2
DA:32,2
DA:33,2
DA:34,2
DA:35,2
DA:39,2
DA:40,2
DA:42,2
DA:43,1
DA:46,1
DA:51,2
DA:52,0
DA:54,0
DA:60,0
DA:65,0
DA:66,0
DA:70,2
DA:71,0
DA:77,0
DA:82,0
DA:83,0
DA:90,2
DA:91,0
DA:97,0
DA:102,0
DA:103,0
DA:110,2
DA:136,4
DA:141,0
DA:155,0
DA:200,2
LF:36
LH:21
BRDA:145,0,0,2
BRDA:145,0,1,2
BRDA:178,1,0,1
BRDA:178,1,1,1
BRDA:184,2,0,2
BRDA:184,2,1,0
BRDA:188,3,0,0
BRDA:188,3,1,0
BRF:8
BRH:5
end_of_record
TN:
SF:frontend\screens\SliderQuestionScreen.js
FN:18,(anonymous_0)
FN:31,(anonymous_1)
FN:44,(anonymous_2)
FN:54,(anonymous_3)
FN:59,(anonymous_4)
FN:66,(anonymous_5)
FN:133,(anonymous_6)
FNF:7
FNH:2
FNDA:2,(anonymous_0)
FNDA:1,(anonymous_1)
FNDA:0,(anonymous_2)
FNDA:0,(anonymous_3)
FNDA:0,(anonymous_4)
FNDA:0,(anonymous_5)
FNDA:0,(anonymous_6)
DA:18,2
DA:19,2
DA:21,2
DA:23,2
DA:24,2
DA:25,2
DA:28,2
DA:29,2
DA:31,2
DA:40,1
DA:41,1
DA:44,2
DA:45,0
DA:47,0
DA:49,0
DA:54,0
DA:55,0
DA:59,2
DA:60,0
DA:61,0
DA:62,0
DA:63,0
DA:66,2
DA:67,0
DA:68,0
DA:69,0
DA:70,0
DA:73,2
DA:133,0
DA:167,2
LF:30
LH:16
BRDA:144,0,0,1
BRDA:144,0,1,1
BRDA:150,1,0,2
BRDA:150,1,1,0
BRDA:154,2,0,0
BRDA:154,2,1,0
BRF:6
BRH:3
end_of_record
TN:
SF:frontend\screens\TrueFalseQuestionScreen.js
FN:13,(anonymous_0)
FN:24,(anonymous_1)
FN:38,(anonymous_2)
FN:48,(anonymous_3)
FN:53,(anonymous_4)
FN:60,(anonymous_5)
FN:94,(anonymous_6)
FN:100,(anonymous_7)
FNF:8
FNH:2
FNDA:2,(anonymous_0)
FNDA:1,(anonymous_1)
FNDA:0,(anonymous_2)
FNDA:0,(anonymous_3)
FNDA:0,(anonymous_4)
FNDA:0,(anonymous_5)
FNDA:0,(anonymous_6)
FNDA:0,(anonymous_7)
DA:13,2
DA:14,2
DA:16,2
DA:17,2
DA:18,2
DA:19,2
DA:21,2
DA:22,2
DA:24,2
DA:33,1
DA:34,1
DA:38,2
DA:39,0
DA:41,0
DA:43,0
DA:48,0
DA:49,0
DA:53,2
DA:54,0
DA:55,0
DA:56,0
DA:57,0
DA:60,2
DA:61,0
DA:62,0
DA:63,0
DA:64,0
DA:67,2
DA:94,0
DA:100,0
DA:132,2
LF:31
LH:16
BRDA:95,0,0,2
BRDA:95,0,1,0
BRDA:101,1,0,0
BRDA:101,1,1,2
BRDA:111,2,0,1
BRDA:111,2,1,1
BRDA:117,3,0,2
BRDA:117,3,1,0
BRDA:121,4,0,0
BRDA:121,4,1,0
BRF:10
BRH:5
end_of_record
TN:
SF:frontend\utils\ImagePicker.js
FN:12,(anonymous_0)
FNF:1
FNH:1
FNDA:23,(anonymous_0)
DA:12,5
DA:13,23
DA:30,5
LF:3
LH:3
BRDA:15,0,0,0
BRDA:15,0,1,23
BRDA:16,1,0,2
BRDA:16,1,1,21
BRDA:17,2,0,0
BRDA:17,2,1,21
BRDA:18,3,0,7
BRDA:18,3,1,14
BRDA:19,4,0,2
BRDA:19,4,1,12
BRDA:20,5,0,8
BRDA:20,5,1,4
BRDA:21,6,0,0
BRDA:21,6,1,4
BRDA:22,7,0,0
BRDA:22,7,1,4
BRDA:23,8,0,0
BRDA:23,8,1,4
BRDA:24,9,0,4
BRDA:24,9,1,0
BRF:20
BRH:14
end_of_record
TN:
SF:frontend\utils\selectNavigationScreen.js
FN:1,selectNavigationScreen
FNF:1
FNH:1
FNDA:34,selectNavigationScreen
DA:2,34
DA:3,17
DA:4,5
DA:5,1
DA:6,4
DA:7,1
DA:8,3
DA:9,0
DA:10,3
DA:11,1
DA:12,2
DA:13,0
DA:14,2
DA:15,1
DA:16,1
DA:17,1
DA:19,12
DA:21,17
DA:22,17
DA:23,7
DA:24,1
DA:25,6
DA:26,1
DA:27,5
DA:28,0
DA:29,5
DA:30,0
DA:31,5
DA:32,1
DA:33,4
DA:34,1
DA:35,3
DA:36,3
DA:38,10
LF:34
LH:30
BRDA:2,0,0,17
BRDA:2,0,1,17
BRDA:3,1,0,5
BRDA:3,1,1,12
BRDA:3,2,0,17
BRDA:3,2,1,5
BRDA:4,3,0,1
BRDA:4,3,1,4
BRDA:6,4,0,1
BRDA:6,4,1,3
BRDA:8,5,0,0
BRDA:8,5,1,3
BRDA:10,6,0,1
BRDA:10,6,1,2
BRDA:12,7,0,0
BRDA:12,7,1,2
BRDA:14,8,0,1
BRDA:14,8,1,1
BRDA:16,9,0,1
BRDA:16,9,1,0
BRDA:21,10,0,17
BRDA:21,10,1,0
BRDA:22,11,0,7
BRDA:22,11,1,10
BRDA:22,12,0,17
BRDA:22,12,1,17
BRDA:23,13,0,1
BRDA:23,13,1,6
BRDA:25,14,0,1
BRDA:25,14,1,5
BRDA:27,15,0,0
BRDA:27,15,1,5
BRDA:29,16,0,0
BRDA:29,16,1,5
BRDA:31,17,0,1
BRDA:31,17,1,4
BRDA:33,18,0,1
BRDA:33,18,1,3
BRDA:35,19,0,3
BRDA:35,19,1,0
BRF:40
BRH:33
end_of_record
